
Cadence Innovus(TM) Implementation System.
Copyright 2019 Cadence Design Systems, Inc. All rights reserved worldwide.

Version:	v19.10-p002_1, built Fri Apr 19 15:18:11 PDT 2019
Options:	
Date:		Tue May 24 22:31:23 2022
Host:		srv-eda-04 (x86_64 w/Linux 3.10.0-1160.53.1.el7.x86_64) (18cores*72cpus*Intel(R) Xeon(R) Gold 6150 CPU @ 2.70GHz 25344KB)
OS:		CentOS Linux release 7.9.2009 (Core)

License:
		invs	Innovus Implementation System	19.1	checkout succeeded
		8 CPU jobs allowed with the current license(s). Use setMultiCpuUsage to set your required CPU count.
Change the soft stacksize limit to 0.2%RAM (3095 mbytes). Set global soft_stack_size_limit to change the value.

**INFO:  MMMC transition support version v31-84 

<CMD> set_global _enable_mmmc_by_default_flow      $CTE::mmmc_default
<CMD> suppressMessage ENCEXT-2799
<CMD> getVersion
[INFO] Loading PVS 16.15 fill procedures
<CMD> win
<CMD> save_global Default.globals
<CMD> set init_gnd_net {vssc vsso}
<CMD> set init_lef_file {gsclib045_tech.lef gsclib045_macro.lef giolib045.lef}
<CMD> set init_verilog genus_invs_des/genus.v
<CMD> set init_mmmc_file genus_invs_des/genus.mmode.tcl
<CMD> set init_pwr_net {vddc vddo}
<CMD> init_design
#% Begin Load MMMC data ... (date=05/24 22:33:39, mem=523.9M)
#% End Load MMMC data ... (date=05/24 22:33:39, total cpu=0:00:00.0, real=0:00:00.0, peak res=524.0M, current mem=524.0M)
_default_rc_corner_

Loading LEF file gsclib045_tech.lef ...
**WARN: (IMPLF-155):	ViaRule only supports routing/cut layer, but poly layer found for viaRule 'M1_PO', 
**WARN: (IMPLF-155):	ViaRule only supports routing/cut layer, but poly layer found for viaRule 'M1_DIFF', 
**WARN: (IMPLF-155):	ViaRule only supports routing/cut layer, but poly layer found for viaRule 'M1_PSUB', 
**WARN: (IMPLF-155):	ViaRule only supports routing/cut layer, but poly layer found for viaRule 'M1_PIMP', 
**WARN: (IMPLF-155):	ViaRule only supports routing/cut layer, but poly layer found for viaRule 'M1_NIMP', 
**WARN: (IMPLF-155):	ViaRule only supports routing/cut layer, but poly layer found for viaRule 'M1_NWELL', 

Loading LEF file gsclib045_macro.lef ...
Set DBUPerIGU to M2 pitch 400.

Loading LEF file giolib045.lef ...
**WARN: (IMPLF-200):	Pin 'VDDPAD25' in macro 'padIORINGFEED60' has no ANTENNAGATEAREA value defined. The library data is incomplete and some process antenna rules will not be checked correctly.
Type 'man IMPLF-200' for more detail.
**WARN: (IMPLF-200):	Pin 'VSSPAD' in macro 'padIORINGFEED60' has no ANTENNAGATEAREA value defined. The library data is incomplete and some process antenna rules will not be checked correctly.
Type 'man IMPLF-200' for more detail.
**WARN: (IMPLF-200):	Pin 'VDDPAD25' in macro 'padIORINGFEED5' has no ANTENNAGATEAREA value defined. The library data is incomplete and some process antenna rules will not be checked correctly.
Type 'man IMPLF-200' for more detail.
**WARN: (IMPLF-200):	Pin 'VSSPAD' in macro 'padIORINGFEED5' has no ANTENNAGATEAREA value defined. The library data is incomplete and some process antenna rules will not be checked correctly.
Type 'man IMPLF-200' for more detail.
**WARN: (IMPLF-200):	Pin 'VDDPAD25' in macro 'padIORINGFEED3' has no ANTENNAGATEAREA value defined. The library data is incomplete and some process antenna rules will not be checked correctly.
Type 'man IMPLF-200' for more detail.
**WARN: (IMPLF-200):	Pin 'VSSPAD' in macro 'padIORINGFEED3' has no ANTENNAGATEAREA value defined. The library data is incomplete and some process antenna rules will not be checked correctly.
Type 'man IMPLF-200' for more detail.
**WARN: (IMPLF-200):	Pin 'VDDPAD25' in macro 'padIORINGFEED10' has no ANTENNAGATEAREA value defined. The library data is incomplete and some process antenna rules will not be checked correctly.
Type 'man IMPLF-200' for more detail.
**WARN: (IMPLF-200):	Pin 'VSSPAD' in macro 'padIORINGFEED10' has no ANTENNAGATEAREA value defined. The library data is incomplete and some process antenna rules will not be checked correctly.
Type 'man IMPLF-200' for more detail.
**WARN: (IMPLF-200):	Pin 'VDDPAD25' in macro 'padIORINGFEED1' has no ANTENNAGATEAREA value defined. The library data is incomplete and some process antenna rules will not be checked correctly.
Type 'man IMPLF-200' for more detail.
**WARN: (IMPLF-200):	Pin 'VSSPAD' in macro 'padIORINGFEED1' has no ANTENNAGATEAREA value defined. The library data is incomplete and some process antenna rules will not be checked correctly.
Type 'man IMPLF-200' for more detail.
**WARN: (IMPLF-200):	Pin 'VSS25' in macro 'PADVSS25' has no ANTENNAGATEAREA value defined. The library data is incomplete and some process antenna rules will not be checked correctly.
Type 'man IMPLF-200' for more detail.
**WARN: (IMPLF-200):	Pin 'VDD25' in macro 'PADVDD25' has no ANTENNAGATEAREA value defined. The library data is incomplete and some process antenna rules will not be checked correctly.
Type 'man IMPLF-200' for more detail.
**WARN: (IMPLF-200):	Pin 'OEN' in macro 'PADDOZ' has no ANTENNAGATEAREA value defined. The library data is incomplete and some process antenna rules will not be checked correctly.
Type 'man IMPLF-200' for more detail.
**WARN: (IMPLF-200):	Pin 'A' in macro 'PADDOZ' has no ANTENNAGATEAREA value defined. The library data is incomplete and some process antenna rules will not be checked correctly.
Type 'man IMPLF-200' for more detail.
**WARN: (IMPLF-201):	Pin 'PAD' in macro 'PADDOZ' has no ANTENNADIFFAREA value defined. The library data is incomplete and some process antenna rules will not be checked correctly.
Type 'man IMPLF-201' for more detail.
**WARN: (IMPLF-200):	Pin 'A' in macro 'PADDO' has no ANTENNAGATEAREA value defined. The library data is incomplete and some process antenna rules will not be checked correctly.
Type 'man IMPLF-200' for more detail.
**WARN: (IMPLF-201):	Pin 'PAD' in macro 'PADDO' has no ANTENNADIFFAREA value defined. The library data is incomplete and some process antenna rules will not be checked correctly.
Type 'man IMPLF-201' for more detail.
**WARN: (IMPLF-201):	Pin 'PAD' in macro 'PADDI' has no ANTENNADIFFAREA value defined. The library data is incomplete and some process antenna rules will not be checked correctly.
Type 'man IMPLF-201' for more detail.
**WARN: (IMPLF-200):	Pin 'PAD' in macro 'PADDI' has no ANTENNAGATEAREA value defined. The library data is incomplete and some process antenna rules will not be checked correctly.
Type 'man IMPLF-200' for more detail.
**WARN: (IMPLF-201):	Pin 'Y' in macro 'PADDI' has no ANTENNADIFFAREA value defined. The library data is incomplete and some process antenna rules will not be checked correctly.
Type 'man IMPLF-201' for more detail.
**WARN: (IMPLF-201):	Pin 'Y' in macro 'PADDB' has no ANTENNADIFFAREA value defined. The library data is incomplete and some process antenna rules will not be checked correctly.
Type 'man IMPLF-201' for more detail.
**WARN: (IMPLF-200):	Pin 'A' in macro 'PADDB' has no ANTENNAGATEAREA value defined. The library data is incomplete and some process antenna rules will not be checked correctly.
Type 'man IMPLF-200' for more detail.
**WARN: (IMPLF-200):	Pin 'OEN' in macro 'PADDB' has no ANTENNAGATEAREA value defined. The library data is incomplete and some process antenna rules will not be checked correctly.
Type 'man IMPLF-200' for more detail.
**WARN: (IMPLF-201):	Pin 'PAD' in macro 'PADDB' has no ANTENNADIFFAREA value defined. The library data is incomplete and some process antenna rules will not be checked correctly.
Type 'man IMPLF-201' for more detail.
**WARN: (IMPLF-200):	Pin 'PAD' in macro 'PADDB' has no ANTENNAGATEAREA value defined. The library data is incomplete and some process antenna rules will not be checked correctly.
Type 'man IMPLF-200' for more detail.
**WARN: (IMPLF-200):	Pin 'AY' in macro 'PADANALOG' has no ANTENNAGATEAREA value defined. The library data is incomplete and some process antenna rules will not be checked correctly.
Type 'man IMPLF-200' for more detail.
**WARN: (EMS-27):	Message (IMPLF-200) has exceeded the current message display limit of 20.
To increase the message display limit, refer to the product command reference manual.

viaInitial starts at Tue May 24 22:33:39 2022
viaInitial ends at Tue May 24 22:33:39 2022

##  Check design process and node:  
##  Both design process and tech node are not set.

Loading view definition file from genus_invs_des/genus.mmode.tcl
Reading default_library_set timing library '/local/3/lan/flow/t1u1/reference_libs/GPDK045/gsclib045_all_v4.4/gsclib045/timing/fast_vdd1v0_basicCells.lib' ...
**WARN: (TECHLIB-436):	Attribute 'max_fanout' on 'output/inout' pin 'CON' of cell 'ACHCONX2' is not defined in the library. (File /local/3/lan/flow/t1u1/reference_libs/GPDK045/gsclib045_all_v4.4/gsclib045/timing/fast_vdd1v0_basicCells.lib)
**WARN: (TECHLIB-436):	Attribute 'max_fanout' on 'output/inout' pin 'CO' of cell 'ADDFHX1' is not defined in the library. (File /local/3/lan/flow/t1u1/reference_libs/GPDK045/gsclib045_all_v4.4/gsclib045/timing/fast_vdd1v0_basicCells.lib)
**WARN: (TECHLIB-436):	Attribute 'max_fanout' on 'output/inout' pin 'S' of cell 'ADDFHX1' is not defined in the library. (File /local/3/lan/flow/t1u1/reference_libs/GPDK045/gsclib045_all_v4.4/gsclib045/timing/fast_vdd1v0_basicCells.lib)
**WARN: (TECHLIB-436):	Attribute 'max_fanout' on 'output/inout' pin 'CO' of cell 'ADDFHX2' is not defined in the library. (File /local/3/lan/flow/t1u1/reference_libs/GPDK045/gsclib045_all_v4.4/gsclib045/timing/fast_vdd1v0_basicCells.lib)
**WARN: (TECHLIB-436):	Attribute 'max_fanout' on 'output/inout' pin 'S' of cell 'ADDFHX2' is not defined in the library. (File /local/3/lan/flow/t1u1/reference_libs/GPDK045/gsclib045_all_v4.4/gsclib045/timing/fast_vdd1v0_basicCells.lib)
**WARN: (TECHLIB-436):	Attribute 'max_fanout' on 'output/inout' pin 'CO' of cell 'ADDFHX4' is not defined in the library. (File /local/3/lan/flow/t1u1/reference_libs/GPDK045/gsclib045_all_v4.4/gsclib045/timing/fast_vdd1v0_basicCells.lib)
**WARN: (TECHLIB-436):	Attribute 'max_fanout' on 'output/inout' pin 'S' of cell 'ADDFHX4' is not defined in the library. (File /local/3/lan/flow/t1u1/reference_libs/GPDK045/gsclib045_all_v4.4/gsclib045/timing/fast_vdd1v0_basicCells.lib)
**WARN: (TECHLIB-436):	Attribute 'max_fanout' on 'output/inout' pin 'CO' of cell 'ADDFHXL' is not defined in the library. (File /local/3/lan/flow/t1u1/reference_libs/GPDK045/gsclib045_all_v4.4/gsclib045/timing/fast_vdd1v0_basicCells.lib)
**WARN: (TECHLIB-436):	Attribute 'max_fanout' on 'output/inout' pin 'S' of cell 'ADDFHXL' is not defined in the library. (File /local/3/lan/flow/t1u1/reference_libs/GPDK045/gsclib045_all_v4.4/gsclib045/timing/fast_vdd1v0_basicCells.lib)
**WARN: (TECHLIB-436):	Attribute 'max_fanout' on 'output/inout' pin 'CO' of cell 'ADDFX1' is not defined in the library. (File /local/3/lan/flow/t1u1/reference_libs/GPDK045/gsclib045_all_v4.4/gsclib045/timing/fast_vdd1v0_basicCells.lib)
**WARN: (TECHLIB-436):	Attribute 'max_fanout' on 'output/inout' pin 'S' of cell 'ADDFX1' is not defined in the library. (File /local/3/lan/flow/t1u1/reference_libs/GPDK045/gsclib045_all_v4.4/gsclib045/timing/fast_vdd1v0_basicCells.lib)
**WARN: (TECHLIB-436):	Attribute 'max_fanout' on 'output/inout' pin 'CO' of cell 'ADDFX2' is not defined in the library. (File /local/3/lan/flow/t1u1/reference_libs/GPDK045/gsclib045_all_v4.4/gsclib045/timing/fast_vdd1v0_basicCells.lib)
**WARN: (TECHLIB-436):	Attribute 'max_fanout' on 'output/inout' pin 'S' of cell 'ADDFX2' is not defined in the library. (File /local/3/lan/flow/t1u1/reference_libs/GPDK045/gsclib045_all_v4.4/gsclib045/timing/fast_vdd1v0_basicCells.lib)
**WARN: (TECHLIB-436):	Attribute 'max_fanout' on 'output/inout' pin 'CO' of cell 'ADDFX4' is not defined in the library. (File /local/3/lan/flow/t1u1/reference_libs/GPDK045/gsclib045_all_v4.4/gsclib045/timing/fast_vdd1v0_basicCells.lib)
**WARN: (TECHLIB-436):	Attribute 'max_fanout' on 'output/inout' pin 'S' of cell 'ADDFX4' is not defined in the library. (File /local/3/lan/flow/t1u1/reference_libs/GPDK045/gsclib045_all_v4.4/gsclib045/timing/fast_vdd1v0_basicCells.lib)
**WARN: (TECHLIB-436):	Attribute 'max_fanout' on 'output/inout' pin 'CO' of cell 'ADDFXL' is not defined in the library. (File /local/3/lan/flow/t1u1/reference_libs/GPDK045/gsclib045_all_v4.4/gsclib045/timing/fast_vdd1v0_basicCells.lib)
**WARN: (TECHLIB-436):	Attribute 'max_fanout' on 'output/inout' pin 'S' of cell 'ADDFXL' is not defined in the library. (File /local/3/lan/flow/t1u1/reference_libs/GPDK045/gsclib045_all_v4.4/gsclib045/timing/fast_vdd1v0_basicCells.lib)
**WARN: (TECHLIB-436):	Attribute 'max_fanout' on 'output/inout' pin 'CO' of cell 'ADDHX1' is not defined in the library. (File /local/3/lan/flow/t1u1/reference_libs/GPDK045/gsclib045_all_v4.4/gsclib045/timing/fast_vdd1v0_basicCells.lib)
**WARN: (TECHLIB-436):	Attribute 'max_fanout' on 'output/inout' pin 'S' of cell 'ADDHX1' is not defined in the library. (File /local/3/lan/flow/t1u1/reference_libs/GPDK045/gsclib045_all_v4.4/gsclib045/timing/fast_vdd1v0_basicCells.lib)
**WARN: (TECHLIB-436):	Attribute 'max_fanout' on 'output/inout' pin 'CO' of cell 'ADDHX2' is not defined in the library. (File /local/3/lan/flow/t1u1/reference_libs/GPDK045/gsclib045_all_v4.4/gsclib045/timing/fast_vdd1v0_basicCells.lib)
Message <TECHLIB-436> has exceeded the message display limit of '20'. Use 'set_message -no_limit -id list_of_msgIDs' to reset the message limit.
**WARN: (TECHLIB-302):	No function defined for cell 'DECAP9'. The cell will only be used for analysis. (File /local/3/lan/flow/t1u1/reference_libs/GPDK045/gsclib045_all_v4.4/gsclib045/timing/fast_vdd1v0_basicCells.lib)
**WARN: (TECHLIB-302):	No function defined for cell 'DECAP8'. The cell will only be used for analysis. (File /local/3/lan/flow/t1u1/reference_libs/GPDK045/gsclib045_all_v4.4/gsclib045/timing/fast_vdd1v0_basicCells.lib)
**WARN: (TECHLIB-302):	No function defined for cell 'DECAP7'. The cell will only be used for analysis. (File /local/3/lan/flow/t1u1/reference_libs/GPDK045/gsclib045_all_v4.4/gsclib045/timing/fast_vdd1v0_basicCells.lib)
**WARN: (TECHLIB-302):	No function defined for cell 'DECAP6'. The cell will only be used for analysis. (File /local/3/lan/flow/t1u1/reference_libs/GPDK045/gsclib045_all_v4.4/gsclib045/timing/fast_vdd1v0_basicCells.lib)
**WARN: (TECHLIB-302):	No function defined for cell 'DECAP5'. The cell will only be used for analysis. (File /local/3/lan/flow/t1u1/reference_libs/GPDK045/gsclib045_all_v4.4/gsclib045/timing/fast_vdd1v0_basicCells.lib)
**WARN: (TECHLIB-302):	No function defined for cell 'DECAP4'. The cell will only be used for analysis. (File /local/3/lan/flow/t1u1/reference_libs/GPDK045/gsclib045_all_v4.4/gsclib045/timing/fast_vdd1v0_basicCells.lib)
**WARN: (TECHLIB-302):	No function defined for cell 'DECAP3'. The cell will only be used for analysis. (File /local/3/lan/flow/t1u1/reference_libs/GPDK045/gsclib045_all_v4.4/gsclib045/timing/fast_vdd1v0_basicCells.lib)
**WARN: (TECHLIB-302):	No function defined for cell 'DECAP2'. The cell will only be used for analysis. (File /local/3/lan/flow/t1u1/reference_libs/GPDK045/gsclib045_all_v4.4/gsclib045/timing/fast_vdd1v0_basicCells.lib)
**WARN: (TECHLIB-302):	No function defined for cell 'DECAP10'. The cell will only be used for analysis. (File /local/3/lan/flow/t1u1/reference_libs/GPDK045/gsclib045_all_v4.4/gsclib045/timing/fast_vdd1v0_basicCells.lib)
**WARN: (TECHLIB-302):	No function defined for cell 'ANTENNA'. The cell will only be used for analysis. (File /local/3/lan/flow/t1u1/reference_libs/GPDK045/gsclib045_all_v4.4/gsclib045/timing/fast_vdd1v0_basicCells.lib)
Read 489 cells in library 'fast_vdd1v0' 
*** End library_loading (cpu=0.01min, real=0.02min, mem=12.4M, fe_cpu=0.29min, fe_real=2.28min, fe_mem=771.7M) ***
#% Begin Load netlist data ... (date=05/24 22:33:40, mem=541.5M)
*** Begin netlist parsing (mem=771.7M) ***
Created 489 new cells from 1 timing libraries.
Reading netlist ...
Backslashed names will retain backslash and a trailing blank character.
Reading verilog netlist 'genus_invs_des/genus.v'
**ERROR: (IMPVL-209):	In Verilog file 'genus_invs_des/genus.v', check line 68 near the text ) for the issue: 'undefined instance bus port'.  Update the text accordingly.
Type 'man IMPVL-209' for more detail.
**ERROR: (IMPVL-366):	The macro cell 'PADDI' is LEF-defined, but the bus port 'A' used in the netlist is not defined in LEF. Check and correct the port name, or define the bus port in LEF file.
Type 'man IMPVL-366' for more detail.
**WARN: (IMPVL-209):	In Verilog file 'genus_invs_des/genus.v', check line 68 near the text ) for the issue: 'width-mismatched port connection'.  Update the text accordingly.
Type 'man IMPVL-209' for more detail.
**WARN: (IMPVL-357):	Signal port (Y) is connected by a bus.  The extra upper bus bits will be ignored.
**ERROR: (IMPVL-209):	In Verilog file 'genus_invs_des/genus.v', check line 69 near the text ) for the issue: 'undefined instance bus port'.  Update the text accordingly.
Type 'man IMPVL-209' for more detail.
**ERROR: (IMPVL-366):	The macro cell 'PADDI' is LEF-defined, but the bus port 'A' used in the netlist is not defined in LEF. Check and correct the port name, or define the bus port in LEF file.
Type 'man IMPVL-366' for more detail.
**WARN: (IMPVL-209):	In Verilog file 'genus_invs_des/genus.v', check line 69 near the text ) for the issue: 'width-mismatched port connection'.  Update the text accordingly.
Type 'man IMPVL-209' for more detail.
**WARN: (IMPVL-357):	Signal port (Y) is connected by a bus.  The extra upper bus bits will be ignored.
**ERROR: (IMPVL-209):	In Verilog file 'genus_invs_des/genus.v', check line 70 near the text ) for the issue: 'undefined instance bus port'.  Update the text accordingly.
Type 'man IMPVL-209' for more detail.
**ERROR: (IMPVL-366):	The macro cell 'PADDI' is LEF-defined, but the bus port 'A' used in the netlist is not defined in LEF. Check and correct the port name, or define the bus port in LEF file.
Type 'man IMPVL-366' for more detail.
**WARN: (IMPVL-209):	In Verilog file 'genus_invs_des/genus.v', check line 70 near the text ) for the issue: 'width-mismatched port connection'.  Update the text accordingly.
Type 'man IMPVL-209' for more detail.
**WARN: (IMPVL-357):	Signal port (Y) is connected by a bus.  The extra upper bus bits will be ignored.
**ERROR: (IMPVL-209):	In Verilog file 'genus_invs_des/genus.v', check line 71 near the text ) for the issue: 'undefined instance bus port'.  Update the text accordingly.
Type 'man IMPVL-209' for more detail.
**ERROR: (IMPVL-366):	The macro cell 'PADDO' is LEF-defined, but the bus port 'Y' used in the netlist is not defined in LEF. Check and correct the port name, or define the bus port in LEF file.
Type 'man IMPVL-366' for more detail.
Verilog file 'genus_invs_des/genus.v' has errors!  See above.

*** Memory Usage v#1 (Current mem = 771.711M, initial mem = 256.684M) ***
#% End Load netlist data ... (date=05/24 22:33:40, total cpu=0:00:00.0, real=0:00:00.0, peak res=549.0M, current mem=549.0M)
**ERROR: (IMPVL-902):	Failed to read netlist genus_invs_des/genus.v. See previous error messages for details.  Resolve the issues and reload the design.
**INFO (INTERRUPT): One more Ctrl-C to exit Innovus ...
Innovus terminated by user interrupt.

*** Memory Usage v#1 (Current mem = 767.711M, initial mem = 256.684M) ***
*** Message Summary: 66 warning(s), 12 error(s)

--- Ending "Innovus" (totcpu=0:00:45.4, real=0:14:48, mem=767.7M) ---
