###############################################################
#  Generated by:      Cadence Innovus 19.10-p002_1
#  OS:                Linux x86_64(Host ID srv-eda-04)
#  Generated on:      Wed May 25 01:19:56 2022
#  Design:            top
#  Command:           verifyGeometry
###############################################################

SPACING: Pin of Cell FILLER_E_17 & Blockage of Cell PAD_Corner2  ( Metal4 )
Bounds : ( 775.190, 720.240 ) ( 786.300, 720.290 )
Actual:     0.05     Min:     0.25     Type: ParallelRun


SPACING: Pin of Cell FILLER_E_17 & Blockage of Cell PAD_Corner2  ( Metal4 )
Bounds : ( 788.800, 720.240 ) ( 848.800, 720.290 )
Actual:     0.05     Min:     0.25     Type: ParallelRun


SHORT: Pin of Cell pad_clk2 & Pin of Cell FILLER_N_8  ( Metal4 )
Bounds : ( 581.200, 848.295 ) ( 581.200, 860.295 )


SHORT: Pin of Cell pad_clk2 & Pin of Cell FILLER_N_8  ( Metal4 )
Bounds : ( 581.200, 862.795 ) ( 581.200, 874.795 )


SHORT: Pin of Cell pad_clk1 & Pin of Cell FILLER_N_6  ( Metal4 )
Bounds : ( 495.900, 848.295 ) ( 495.900, 860.295 )


SHORT: Pin of Cell pad_clk1 & Pin of Cell FILLER_N_6  ( Metal4 )
Bounds : ( 495.900, 862.795 ) ( 495.900, 874.795 )


SHORT: Pin of Cell pad_vdd2 & Pin of Cell FILLER_N_10  ( Metal4 )
Bounds : ( 666.500, 848.290 ) ( 666.500, 860.290 )


SHORT: Pin of Cell pad_vdd2 & Pin of Cell FILLER_N_10  ( Metal4 )
Bounds : ( 666.500, 862.790 ) ( 666.500, 874.790 )


SHORT: Pin of Cell pad_vdd2 & Pin of Cell FILLER_N_10  ( Metal4 )
Bounds : ( 666.500, 819.290 ) ( 666.500, 831.290 )


SHORT: Pin of Cell pad_vdd2 & Pin of Cell FILLER_N_10  ( Metal4 )
Bounds : ( 666.500, 773.290 ) ( 666.500, 785.290 )


SHORT: Pin of Cell pad_vdd2 & Pin of Cell FILLER_N_10  ( Metal4 )
Bounds : ( 666.500, 729.790 ) ( 666.500, 741.790 )


SHORT: Pin of Cell pad_vdd2 & Pin of Cell FILLER_N_10  ( Metal4 )
Bounds : ( 666.500, 744.290 ) ( 666.500, 756.290 )


SHORT: Pin of Cell pad_vdd2 & Pin of Cell FILLER_N_10  ( Metal4 )
Bounds : ( 666.500, 758.790 ) ( 666.500, 770.790 )


SHORT: Pin of Cell pad_clk2 & Pin of Cell FILLER_N_8  ( Metal4 )
Bounds : ( 581.200, 729.795 ) ( 581.200, 741.795 )


SHORT: Pin of Cell pad_clk2 & Pin of Cell FILLER_N_8  ( Metal4 )
Bounds : ( 581.200, 744.295 ) ( 581.200, 756.295 )


SHORT: Pin of Cell pad_clk2 & Pin of Cell FILLER_N_8  ( Metal4 )
Bounds : ( 581.200, 758.795 ) ( 581.200, 770.795 )


SHORT: Pin of Cell pad_clk2 & Pin of Cell FILLER_N_8  ( Metal4 )
Bounds : ( 581.200, 773.295 ) ( 581.200, 785.295 )


SHORT: Pin of Cell pad_clk2 & Pin of Cell FILLER_N_8  ( Metal4 )
Bounds : ( 581.200, 819.295 ) ( 581.200, 831.295 )


SHORT: Pin of Cell pad_clk1 & Pin of Cell FILLER_N_6  ( Metal4 )
Bounds : ( 495.900, 729.795 ) ( 495.900, 741.795 )


SHORT: Pin of Cell pad_clk1 & Pin of Cell FILLER_N_6  ( Metal4 )
Bounds : ( 495.900, 744.295 ) ( 495.900, 756.295 )


SHORT: Pin of Cell pad_clk1 & Pin of Cell FILLER_N_6  ( Metal4 )
Bounds : ( 495.900, 758.795 ) ( 495.900, 770.795 )


SHORT: Pin of Cell pad_clk1 & Pin of Cell FILLER_N_6  ( Metal4 )
Bounds : ( 495.900, 773.295 ) ( 495.900, 785.295 )


SHORT: Pin of Cell pad_clk1 & Pin of Cell FILLER_N_6  ( Metal4 )
Bounds : ( 495.900, 819.295 ) ( 495.900, 831.295 )


SHORT: Pin of Cell pad_clk2 & Pin of Cell FILLER_N_8  ( Metal4 )
Bounds : ( 581.200, 833.795 ) ( 581.200, 845.795 )


SHORT: Pin of Cell pad_clk1 & Pin of Cell FILLER_N_6  ( Metal4 )
Bounds : ( 495.900, 833.795 ) ( 495.900, 845.795 )


SHORT: Pin of Cell pad_vdd2 & Pin of Cell FILLER_N_10  ( Metal4 )
Bounds : ( 666.500, 833.790 ) ( 666.500, 845.790 )


SPACING: Pin of Cell FILLER_E_17 & Blockage of Cell PAD_Corner2  ( Metal4 )
Bounds : ( 698.800, 720.240 ) ( 758.800, 720.290 )
Actual:     0.05     Min:     0.25     Type: ParallelRun


SPACING: Blockage of Cell FILLER_E_17 & Blockage of Cell PAD_Corner2  ( Metal11 )
Bounds : ( 691.800, 720.240 ) ( 931.800, 720.290 )
Actual:     0.05     Min:     0.2     Type: ParallelRun


SPACING: Blockage of Cell FILLER_E_17 & Blockage of Cell PAD_Corner2  ( Metal10 )
Bounds : ( 691.800, 720.240 ) ( 931.800, 720.290 )
Actual:     0.05     Min:     0.2     Type: ParallelRun


SPACING: Blockage of Cell FILLER_E_17 & Blockage of Cell PAD_Corner2  ( Metal9 )
Bounds : ( 691.800, 720.240 ) ( 931.800, 720.290 )
Actual:     0.05     Min:     0.07     Type: ParallelRun


SPACING: Blockage of Cell FILLER_E_17 & Blockage of Cell PAD_Corner2  ( Metal8 )
Bounds : ( 691.800, 720.240 ) ( 931.800, 720.290 )
Actual:     0.05     Min:     0.07     Type: ParallelRun


SPACING: Blockage of Cell FILLER_E_17 & Blockage of Cell PAD_Corner2  ( Metal7 )
Bounds : ( 691.800, 720.240 ) ( 931.800, 720.290 )
Actual:     0.05     Min:     0.07     Type: ParallelRun


SPACING: Blockage of Cell FILLER_E_17 & Blockage of Cell PAD_Corner2  ( Metal6 )
Bounds : ( 691.800, 720.240 ) ( 931.800, 720.290 )
Actual:     0.05     Min:     0.07     Type: ParallelRun


SPACING: Blockage of Cell FILLER_E_17 & Blockage of Cell PAD_Corner2  ( Metal5 )
Bounds : ( 691.800, 720.240 ) ( 931.800, 720.290 )
Actual:     0.05     Min:     0.07     Type: ParallelRun


SPACING: Blockage of Cell FILLER_E_17 & Blockage of Cell PAD_Corner2  ( Metal4 )
Bounds : ( 691.800, 720.240 ) ( 931.800, 720.290 )
Actual:     0.05     Min:     0.07     Type: ParallelRun


SPACING: Blockage of Cell FILLER_E_17 & Blockage of Cell PAD_Corner2  ( Metal3 )
Bounds : ( 691.800, 720.240 ) ( 931.800, 720.290 )
Actual:     0.05     Min:     0.07     Type: ParallelRun


SPACING: Blockage of Cell FILLER_E_17 & Blockage of Cell PAD_Corner2  ( Metal2 )
Bounds : ( 691.800, 720.240 ) ( 931.800, 720.290 )
Actual:     0.05     Min:     0.07     Type: ParallelRun


SPACING: Blockage of Cell FILLER_E_17 & Blockage of Cell PAD_Corner2  ( Metal1 )
Bounds : ( 691.800, 720.240 ) ( 931.800, 720.290 )
Actual:     0.05     Min:     0.06     Type: ParallelRun


SHORT: Pin of Cell pad_vssior & Pin of Cell FILLER_E_15  ( Metal4 )
Bounds : ( 790.800, 690.240 ) ( 802.800, 690.240 )


SHORT: Pin of Cell pad_vddior & Pin of Cell FILLER_E_12  ( Metal4 )
Bounds : ( 715.800, 600.190 ) ( 727.800, 600.190 )


SHORT: Pin of Cell pad_vddior & Pin of Cell FILLER_E_12  ( Metal4 )
Bounds : ( 730.300, 600.190 ) ( 742.300, 600.190 )


SHORT: Pin of Cell pad_vddior & Pin of Cell FILLER_E_12  ( Metal4 )
Bounds : ( 744.800, 600.190 ) ( 756.800, 600.190 )


SHORT: Pin of Cell pad_vssior & Pin of Cell FILLER_E_15  ( Metal4 )
Bounds : ( 805.300, 690.240 ) ( 817.300, 690.240 )


SPACING: Pin of Cell pad_vssior & Pin of Cell FILLER_E_14  ( Metal4 )
Bounds : ( 790.800, 630.190 ) ( 802.800, 630.240 )
Actual:     0.05     Min:     0.25     Type: ParallelRun


SPACING: Pin of Cell pad_vssior & Pin of Cell FILLER_E_14  ( Metal4 )
Bounds : ( 805.300, 630.190 ) ( 817.300, 630.240 )
Actual:     0.05     Min:     0.25     Type: ParallelRun


SPACING: Pin of Cell pad_vssior & Blockage of Cell FILLER_E_14  ( Metal4 )
Bounds : ( 775.190, 630.190 ) ( 786.420, 630.240 )
Actual:     0.05     Min:     0.25     Type: ParallelRun


SHORT: Pin of Cell pad_vssior & Pin of Cell FILLER_E_15  ( Metal4 )
Bounds : ( 819.800, 690.240 ) ( 831.800, 690.240 )


SHORT: Pin of Cell pad_vssior & Pin of Cell FILLER_E_15  ( Metal4 )
Bounds : ( 834.300, 690.240 ) ( 846.300, 690.240 )


SPACING: Pin of Cell pad_vssior & Pin of Cell FILLER_E_14  ( Metal4 )
Bounds : ( 819.800, 630.190 ) ( 831.800, 630.240 )
Actual:     0.05     Min:     0.25     Type: ParallelRun


SPACING: Pin of Cell pad_vssior & Pin of Cell FILLER_E_14  ( Metal4 )
Bounds : ( 834.300, 630.190 ) ( 846.300, 630.240 )
Actual:     0.05     Min:     0.25     Type: ParallelRun


SHORT: Pin of Cell pad_output2 & Pin of Cell FILLER_E_9  ( Metal4 )
Bounds : ( 834.300, 510.145 ) ( 846.300, 510.145 )


SHORT: Pin of Cell pad_output2 & Pin of Cell FILLER_E_9  ( Metal4 )
Bounds : ( 819.800, 510.145 ) ( 831.800, 510.145 )


SPACING: Pin of Cell pad_vddior & Blockage of Cell FILLER_E_11  ( Metal4 )
Bounds : ( 775.190, 540.145 ) ( 786.420, 540.190 )
Actual:     0.045     Min:     0.25     Type: ParallelRun


SPACING: Pin of Cell pad_vddior & Pin of Cell FILLER_E_11  ( Metal4 )
Bounds : ( 744.800, 540.145 ) ( 756.800, 540.190 )
Actual:     0.045     Min:     0.25     Type: ParallelRun


SPACING: Pin of Cell pad_vddior & Pin of Cell FILLER_E_11  ( Metal4 )
Bounds : ( 730.300, 540.145 ) ( 742.300, 540.190 )
Actual:     0.045     Min:     0.25     Type: ParallelRun


SPACING: Pin of Cell pad_vddior & Pin of Cell FILLER_E_11  ( Metal4 )
Bounds : ( 715.800, 540.145 ) ( 727.800, 540.190 )
Actual:     0.045     Min:     0.25     Type: ParallelRun


SHORT: Pin of Cell pad_output2 & Pin of Cell FILLER_E_9  ( Metal4 )
Bounds : ( 805.300, 510.145 ) ( 817.300, 510.145 )


SHORT: Pin of Cell pad_output2 & Pin of Cell FILLER_E_9  ( Metal4 )
Bounds : ( 790.800, 510.145 ) ( 802.800, 510.145 )


SHORT: Pin of Cell pad_output2 & Pin of Cell FILLER_E_9  ( Metal4 )
Bounds : ( 744.800, 510.145 ) ( 756.800, 510.145 )


SHORT: Pin of Cell pad_output2 & Pin of Cell FILLER_E_9  ( Metal4 )
Bounds : ( 730.300, 510.145 ) ( 742.300, 510.145 )


SHORT: Pin of Cell pad_output2 & Pin of Cell FILLER_E_9  ( Metal4 )
Bounds : ( 715.800, 510.145 ) ( 727.800, 510.145 )


SPACING: Blockage of Cell pad_vddior & Blockage of Cell FILLER_E_11  ( Metal11 )
Bounds : ( 691.800, 540.145 ) ( 931.800, 540.190 )
Actual:     0.045     Min:     0.2     Type: ParallelRun


SPACING: Blockage of Cell pad_vddior & Blockage of Cell FILLER_E_11  ( Metal10 )
Bounds : ( 691.800, 540.145 ) ( 931.800, 540.190 )
Actual:     0.045     Min:     0.2     Type: ParallelRun


SPACING: Blockage of Cell pad_vddior & Blockage of Cell FILLER_E_11  ( Metal9 )
Bounds : ( 691.800, 540.145 ) ( 931.800, 540.190 )
Actual:     0.045     Min:     0.07     Type: ParallelRun


SPACING: Blockage of Cell pad_vddior & Blockage of Cell FILLER_E_11  ( Metal8 )
Bounds : ( 691.800, 540.145 ) ( 931.800, 540.190 )
Actual:     0.045     Min:     0.07     Type: ParallelRun


SPACING: Blockage of Cell pad_vddior & Blockage of Cell FILLER_E_11  ( Metal7 )
Bounds : ( 691.800, 540.145 ) ( 931.800, 540.190 )
Actual:     0.045     Min:     0.07     Type: ParallelRun


SPACING: Blockage of Cell pad_vddior & Blockage of Cell FILLER_E_11  ( Metal6 )
Bounds : ( 691.800, 540.145 ) ( 931.800, 540.190 )
Actual:     0.045     Min:     0.07     Type: ParallelRun


SPACING: Blockage of Cell pad_vddior & Blockage of Cell FILLER_E_11  ( Metal5 )
Bounds : ( 691.800, 540.145 ) ( 931.800, 540.190 )
Actual:     0.045     Min:     0.07     Type: ParallelRun


SPACING: Blockage of Cell pad_vddior & Blockage of Cell FILLER_E_11  ( Metal4 )
Bounds : ( 691.800, 540.145 ) ( 931.800, 540.190 )
Actual:     0.045     Min:     0.07     Type: ParallelRun


SPACING: Blockage of Cell pad_vddior & Blockage of Cell FILLER_E_11  ( Metal3 )
Bounds : ( 691.800, 540.145 ) ( 931.800, 540.190 )
Actual:     0.045     Min:     0.07     Type: ParallelRun


SPACING: Blockage of Cell pad_vddior & Blockage of Cell FILLER_E_11  ( Metal2 )
Bounds : ( 691.800, 540.145 ) ( 931.800, 540.190 )
Actual:     0.045     Min:     0.07     Type: ParallelRun


SPACING: Blockage of Cell pad_vddior & Blockage of Cell FILLER_E_11  ( Metal1 )
Bounds : ( 691.800, 540.145 ) ( 931.800, 540.190 )
Actual:     0.045     Min:     0.06     Type: ParallelRun


SHORT: Pin of Cell pad_vddior & Pin of Cell FILLER_E_12  ( Metal4 )
Bounds : ( 701.300, 600.190 ) ( 713.300, 600.190 )


SHORT: Pin of Cell pad_output2 & Pin of Cell FILLER_E_9  ( Metal4 )
Bounds : ( 701.300, 510.145 ) ( 713.300, 510.145 )


SPACING: Pin of Cell pad_vddior & Pin of Cell FILLER_E_11  ( Metal4 )
Bounds : ( 701.300, 540.145 ) ( 713.300, 540.190 )
Actual:     0.045     Min:     0.25     Type: ParallelRun


SPACING: Blockage of Cell pad_vssior & Blockage of Cell FILLER_E_14  ( Metal11 )
Bounds : ( 691.800, 630.190 ) ( 931.800, 630.240 )
Actual:     0.05     Min:     0.2     Type: ParallelRun


SPACING: Blockage of Cell pad_vssior & Blockage of Cell FILLER_E_14  ( Metal10 )
Bounds : ( 691.800, 630.190 ) ( 931.800, 630.240 )
Actual:     0.05     Min:     0.2     Type: ParallelRun


SPACING: Blockage of Cell pad_vssior & Blockage of Cell FILLER_E_14  ( Metal9 )
Bounds : ( 691.800, 630.190 ) ( 931.800, 630.240 )
Actual:     0.05     Min:     0.07     Type: ParallelRun


SPACING: Blockage of Cell pad_vssior & Blockage of Cell FILLER_E_14  ( Metal8 )
Bounds : ( 691.800, 630.190 ) ( 931.800, 630.240 )
Actual:     0.05     Min:     0.07     Type: ParallelRun


SPACING: Blockage of Cell pad_vssior & Blockage of Cell FILLER_E_14  ( Metal7 )
Bounds : ( 691.800, 630.190 ) ( 931.800, 630.240 )
Actual:     0.05     Min:     0.07     Type: ParallelRun


SPACING: Blockage of Cell pad_vssior & Blockage of Cell FILLER_E_14  ( Metal6 )
Bounds : ( 691.800, 630.190 ) ( 931.800, 630.240 )
Actual:     0.05     Min:     0.07     Type: ParallelRun


SPACING: Blockage of Cell pad_vssior & Blockage of Cell FILLER_E_14  ( Metal5 )
Bounds : ( 691.800, 630.190 ) ( 931.800, 630.240 )
Actual:     0.05     Min:     0.07     Type: ParallelRun


SPACING: Blockage of Cell pad_vssior & Blockage of Cell FILLER_E_14  ( Metal4 )
Bounds : ( 691.800, 630.190 ) ( 931.800, 630.240 )
Actual:     0.05     Min:     0.07     Type: ParallelRun


SPACING: Blockage of Cell pad_vssior & Blockage of Cell FILLER_E_14  ( Metal3 )
Bounds : ( 691.800, 630.190 ) ( 931.800, 630.240 )
Actual:     0.05     Min:     0.07     Type: ParallelRun


SPACING: Blockage of Cell pad_vssior & Blockage of Cell FILLER_E_14  ( Metal2 )
Bounds : ( 691.800, 630.190 ) ( 931.800, 630.240 )
Actual:     0.05     Min:     0.07     Type: ParallelRun


SPACING: Blockage of Cell pad_vssior & Blockage of Cell FILLER_E_14  ( Metal1 )
Bounds : ( 691.800, 630.190 ) ( 931.800, 630.240 )
Actual:     0.05     Min:     0.06     Type: ParallelRun


SHORT: Pin of Cell PAD_Corner1 & Pin of Cell FILLER_N_0  ( Metal4 )
Bounds : ( 240.000, 862.790 ) ( 240.000, 874.790 )


SHORT: Pin of Cell PAD_Corner1 & Pin of Cell FILLER_N_0  ( Metal4 )
Bounds : ( 240.000, 848.290 ) ( 240.000, 860.290 )


SHORT: Pin of Cell pad_vdd1 & Pin of Cell FILLER_N_2  ( Metal4 )
Bounds : ( 325.300, 848.290 ) ( 325.300, 860.290 )


SHORT: Pin of Cell pad_vdd1 & Pin of Cell FILLER_N_2  ( Metal4 )
Bounds : ( 325.300, 862.790 ) ( 325.300, 874.790 )


SHORT: Pin of Cell pad_clk0 & Pin of Cell FILLER_N_4  ( Metal4 )
Bounds : ( 410.600, 848.295 ) ( 410.600, 860.295 )


SHORT: Pin of Cell pad_clk0 & Pin of Cell FILLER_N_4  ( Metal4 )
Bounds : ( 410.600, 862.795 ) ( 410.600, 874.795 )


SHORT: Pin of Cell pad_clk0 & Pin of Cell FILLER_N_4  ( Metal4 )
Bounds : ( 410.600, 819.295 ) ( 410.600, 831.295 )


SHORT: Pin of Cell pad_clk0 & Pin of Cell FILLER_N_4  ( Metal4 )
Bounds : ( 410.600, 773.295 ) ( 410.600, 785.295 )


SHORT: Pin of Cell pad_clk0 & Pin of Cell FILLER_N_4  ( Metal4 )
Bounds : ( 410.600, 729.795 ) ( 410.600, 741.795 )


SHORT: Pin of Cell pad_clk0 & Pin of Cell FILLER_N_4  ( Metal4 )
Bounds : ( 410.600, 744.295 ) ( 410.600, 756.295 )


SHORT: Pin of Cell pad_clk0 & Pin of Cell FILLER_N_4  ( Metal4 )
Bounds : ( 410.600, 758.795 ) ( 410.600, 770.795 )


SHORT: Pin of Cell PAD_Corner1 & Pin of Cell FILLER_N_0  ( Metal4 )
Bounds : ( 240.000, 773.290 ) ( 240.000, 785.290 )


SHORT: Pin of Cell PAD_Corner1 & Pin of Cell FILLER_N_0  ( Metal4 )
Bounds : ( 240.000, 758.790 ) ( 240.000, 770.790 )


SHORT: Pin of Cell PAD_Corner1 & Pin of Cell FILLER_N_0  ( Metal4 )
Bounds : ( 240.000, 744.290 ) ( 240.000, 756.290 )


SHORT: Pin of Cell PAD_Corner1 & Pin of Cell FILLER_N_0  ( Metal4 )
Bounds : ( 240.000, 729.790 ) ( 240.000, 741.790 )


SHORT: Pin of Cell PAD_Corner1 & Pin of Cell FILLER_N_0  ( Metal4 )
Bounds : ( 240.000, 819.290 ) ( 240.000, 831.290 )


SHORT: Pin of Cell pad_vdd1 & Pin of Cell FILLER_N_2  ( Metal4 )
Bounds : ( 325.300, 729.790 ) ( 325.300, 741.790 )


SHORT: Pin of Cell pad_vdd1 & Pin of Cell FILLER_N_2  ( Metal4 )
Bounds : ( 325.300, 744.290 ) ( 325.300, 756.290 )


SHORT: Pin of Cell pad_vdd1 & Pin of Cell FILLER_N_2  ( Metal4 )
Bounds : ( 325.300, 758.790 ) ( 325.300, 770.790 )


SHORT: Pin of Cell pad_vdd1 & Pin of Cell FILLER_N_2  ( Metal4 )
Bounds : ( 325.300, 773.290 ) ( 325.300, 785.290 )


SHORT: Pin of Cell pad_vdd1 & Pin of Cell FILLER_N_2  ( Metal4 )
Bounds : ( 325.300, 819.290 ) ( 325.300, 831.290 )


SHORT: Pin of Cell PAD_Corner1 & Pin of Cell FILLER_N_0  ( Metal4 )
Bounds : ( 240.000, 833.790 ) ( 240.000, 845.790 )


SHORT: Pin of Cell pad_vdd1 & Pin of Cell FILLER_N_2  ( Metal4 )
Bounds : ( 325.300, 833.790 ) ( 325.300, 845.790 )


SHORT: Pin of Cell pad_clk0 & Pin of Cell FILLER_N_4  ( Metal4 )
Bounds : ( 410.600, 833.795 ) ( 410.600, 845.795 )


SPACING: Pin of Cell PAD_Corner1 & Blockage of Cell pad_input7  ( Metal4 )
Bounds : ( 114.495, 720.255 ) ( 126.500, 720.290 )
Actual:     0.035     Min:     0.25     Type: ParallelRun


SPACING: Pin of Cell PAD_Corner1 & Blockage of Cell pad_input7  ( Metal4 )
Bounds : ( 99.995, 720.255 ) ( 112.000, 720.290 )
Actual:     0.035     Min:     0.25     Type: ParallelRun


SPACING: Pin of Cell PAD_Corner1 & Blockage of Cell pad_input7  ( Metal4 )
Bounds : ( 85.495, 720.255 ) ( 97.500, 720.290 )
Actual:     0.035     Min:     0.25     Type: ParallelRun


SPACING: Pin of Cell PAD_Corner1 & Blockage of Cell pad_input7  ( Metal4 )
Bounds : ( 128.995, 720.255 ) ( 141.000, 720.290 )
Actual:     0.035     Min:     0.25     Type: ParallelRun


SPACING: Pin of Cell PAD_Corner1 & Blockage of Cell pad_input7  ( Metal4 )
Bounds : ( 145.495, 720.255 ) ( 156.610, 720.290 )
Actual:     0.035     Min:     0.25     Type: ParallelRun


SPACING: Pin of Cell PAD_Corner1 & Blockage of Cell pad_input7  ( Metal4 )
Bounds : ( 159.265, 720.255 ) ( 170.500, 720.290 )
Actual:     0.035     Min:     0.25     Type: ParallelRun


SPACING: Pin of Cell PAD_Corner1 & Blockage of Cell pad_input7  ( Metal4 )
Bounds : ( 174.995, 720.255 ) ( 187.000, 720.290 )
Actual:     0.035     Min:     0.25     Type: ParallelRun


SPACING: Pin of Cell PAD_Corner1 & Blockage of Cell pad_input7  ( Metal4 )
Bounds : ( 189.495, 720.255 ) ( 201.500, 720.290 )
Actual:     0.035     Min:     0.25     Type: ParallelRun


SPACING: Pin of Cell PAD_Corner1 & Blockage of Cell pad_input7  ( Metal4 )
Bounds : ( 203.995, 720.255 ) ( 216.000, 720.290 )
Actual:     0.035     Min:     0.25     Type: ParallelRun


SPACING: Blockage of Cell pad_input7 & Blockage of Cell PAD_Corner1  ( Metal11 )
Bounds : ( 0.000, 720.255 ) ( 240.000, 720.290 )
Actual:     0.035     Min:     0.2     Type: ParallelRun


SPACING: Blockage of Cell pad_input7 & Blockage of Cell PAD_Corner1  ( Metal10 )
Bounds : ( 0.000, 720.255 ) ( 240.000, 720.290 )
Actual:     0.035     Min:     0.2     Type: ParallelRun


SPACING: Blockage of Cell pad_input7 & Blockage of Cell PAD_Corner1  ( Metal9 )
Bounds : ( 0.000, 720.255 ) ( 240.000, 720.290 )
Actual:     0.035     Min:     0.07     Type: ParallelRun


SPACING: Blockage of Cell pad_input7 & Blockage of Cell PAD_Corner1  ( Metal8 )
Bounds : ( 0.000, 720.255 ) ( 240.000, 720.290 )
Actual:     0.035     Min:     0.07     Type: ParallelRun


SPACING: Blockage of Cell pad_input7 & Blockage of Cell PAD_Corner1  ( Metal7 )
Bounds : ( 0.000, 720.255 ) ( 240.000, 720.290 )
Actual:     0.035     Min:     0.07     Type: ParallelRun


SPACING: Blockage of Cell pad_input7 & Blockage of Cell PAD_Corner1  ( Metal6 )
Bounds : ( 0.000, 720.255 ) ( 240.000, 720.290 )
Actual:     0.035     Min:     0.07     Type: ParallelRun


SPACING: Blockage of Cell pad_input7 & Blockage of Cell PAD_Corner1  ( Metal5 )
Bounds : ( 0.000, 720.255 ) ( 240.000, 720.290 )
Actual:     0.035     Min:     0.07     Type: ParallelRun


SPACING: Blockage of Cell pad_input7 & Blockage of Cell PAD_Corner1  ( Metal4 )
Bounds : ( 0.000, 720.255 ) ( 240.000, 720.290 )
Actual:     0.035     Min:     0.07     Type: ParallelRun


SPACING: Blockage of Cell pad_input7 & Blockage of Cell PAD_Corner1  ( Metal3 )
Bounds : ( 0.000, 720.255 ) ( 240.000, 720.290 )
Actual:     0.035     Min:     0.07     Type: ParallelRun


SPACING: Blockage of Cell pad_input7 & Blockage of Cell PAD_Corner1  ( Metal2 )
Bounds : ( 0.000, 720.255 ) ( 240.000, 720.290 )
Actual:     0.035     Min:     0.07     Type: ParallelRun


SPACING: Blockage of Cell pad_input7 & Blockage of Cell PAD_Corner1  ( Metal1 )
Bounds : ( 0.000, 720.255 ) ( 240.000, 720.290 )
Actual:     0.035     Min:     0.06     Type: ParallelRun


SPACING: Pin of Cell PAD_Corner1 & Blockage of Cell pad_input7  ( Metal4 )
Bounds : ( 218.495, 720.255 ) ( 230.500, 720.290 )
Actual:     0.035     Min:     0.25     Type: ParallelRun


SPACING: Pin of Cell pad_input5 & Blockage of Cell pad_input6  ( Metal4 )
Bounds : ( 203.995, 600.190 ) ( 215.995, 600.220 )
Actual:     0.03     Min:     0.25     Type: ParallelRun


SPACING: Pin of Cell pad_input4 & Blockage of Cell pad_input5  ( Metal4 )
Bounds : ( 85.495, 540.160 ) ( 97.495, 540.190 )
Actual:     0.03     Min:     0.25     Type: ParallelRun


SPACING: Pin of Cell pad_input4 & Blockage of Cell pad_input5  ( Metal4 )
Bounds : ( 99.995, 540.160 ) ( 111.995, 540.190 )
Actual:     0.03     Min:     0.25     Type: ParallelRun


SPACING: Pin of Cell pad_input5 & Blockage of Cell pad_input6  ( Metal4 )
Bounds : ( 114.495, 600.190 ) ( 126.495, 600.220 )
Actual:     0.03     Min:     0.25     Type: ParallelRun


SPACING: Pin of Cell pad_input5 & Blockage of Cell pad_input6  ( Metal4 )
Bounds : ( 99.995, 600.190 ) ( 111.995, 600.220 )
Actual:     0.03     Min:     0.25     Type: ParallelRun


SPACING: Pin of Cell pad_input5 & Blockage of Cell pad_input6  ( Metal4 )
Bounds : ( 85.495, 600.190 ) ( 97.495, 600.220 )
Actual:     0.03     Min:     0.25     Type: ParallelRun


SPACING: Pin of Cell pad_input4 & Blockage of Cell pad_input5  ( Metal4 )
Bounds : ( 114.495, 540.160 ) ( 126.495, 540.190 )
Actual:     0.03     Min:     0.25     Type: ParallelRun


SPACING: Pin of Cell pad_input5 & Blockage of Cell pad_input6  ( Metal4 )
Bounds : ( 189.495, 600.190 ) ( 201.495, 600.220 )
Actual:     0.03     Min:     0.25     Type: ParallelRun


SPACING: Pin of Cell pad_input5 & Blockage of Cell pad_input6  ( Metal4 )
Bounds : ( 174.995, 600.190 ) ( 186.995, 600.220 )
Actual:     0.03     Min:     0.25     Type: ParallelRun


SPACING: Pin of Cell pad_input5 & Blockage of Cell pad_input6  ( Metal4 )
Bounds : ( 128.995, 600.190 ) ( 140.995, 600.220 )
Actual:     0.03     Min:     0.25     Type: ParallelRun


SPACING: Pin of Cell pad_input4 & Blockage of Cell pad_input5  ( Metal4 )
Bounds : ( 203.995, 540.160 ) ( 215.995, 540.190 )
Actual:     0.03     Min:     0.25     Type: ParallelRun


SPACING: Pin of Cell pad_input4 & Blockage of Cell pad_input5  ( Metal4 )
Bounds : ( 189.495, 540.160 ) ( 201.495, 540.190 )
Actual:     0.03     Min:     0.25     Type: ParallelRun


SPACING: Pin of Cell pad_input4 & Blockage of Cell pad_input5  ( Metal4 )
Bounds : ( 174.995, 540.160 ) ( 186.995, 540.190 )
Actual:     0.03     Min:     0.25     Type: ParallelRun


SPACING: Pin of Cell pad_input4 & Blockage of Cell pad_input5  ( Metal4 )
Bounds : ( 128.995, 540.160 ) ( 140.995, 540.190 )
Actual:     0.03     Min:     0.25     Type: ParallelRun


SPACING: Pin of Cell pad_input7 & Blockage of Cell pad_input6  ( Metal4 )
Bounds : ( 114.495, 660.220 ) ( 126.495, 660.255 )
Actual:     0.035     Min:     0.25     Type: ParallelRun


SPACING: Pin of Cell pad_input7 & Blockage of Cell pad_input6  ( Metal4 )
Bounds : ( 99.995, 660.220 ) ( 111.995, 660.255 )
Actual:     0.035     Min:     0.25     Type: ParallelRun


SPACING: Pin of Cell pad_input7 & Blockage of Cell pad_input6  ( Metal4 )
Bounds : ( 85.495, 660.220 ) ( 97.495, 660.255 )
Actual:     0.035     Min:     0.25     Type: ParallelRun


SPACING: Pin of Cell pad_input7 & Blockage of Cell pad_input6  ( Metal4 )
Bounds : ( 203.995, 660.220 ) ( 215.995, 660.255 )
Actual:     0.035     Min:     0.25     Type: ParallelRun


SPACING: Pin of Cell pad_input7 & Blockage of Cell pad_input6  ( Metal4 )
Bounds : ( 189.495, 660.220 ) ( 201.495, 660.255 )
Actual:     0.035     Min:     0.25     Type: ParallelRun


SPACING: Pin of Cell pad_input7 & Blockage of Cell pad_input6  ( Metal4 )
Bounds : ( 174.995, 660.220 ) ( 186.995, 660.255 )
Actual:     0.035     Min:     0.25     Type: ParallelRun


SPACING: Pin of Cell pad_input7 & Blockage of Cell pad_input6  ( Metal4 )
Bounds : ( 128.995, 660.220 ) ( 140.995, 660.255 )
Actual:     0.035     Min:     0.25     Type: ParallelRun


SPACING: Blockage of Cell pad_input7 & Blockage of Cell pad_input6  ( Metal6 )
Bounds : ( 0.000, 660.220 ) ( 240.000, 660.255 )
Actual:     0.035     Min:     0.07     Type: ParallelRun


SPACING: Blockage of Cell pad_input7 & Blockage of Cell pad_input6  ( Metal7 )
Bounds : ( 0.000, 660.220 ) ( 240.000, 660.255 )
Actual:     0.035     Min:     0.07     Type: ParallelRun


SPACING: Blockage of Cell pad_input7 & Blockage of Cell pad_input6  ( Metal8 )
Bounds : ( 0.000, 660.220 ) ( 240.000, 660.255 )
Actual:     0.035     Min:     0.07     Type: ParallelRun


SPACING: Blockage of Cell pad_input7 & Blockage of Cell pad_input6  ( Metal9 )
Bounds : ( 0.000, 660.220 ) ( 240.000, 660.255 )
Actual:     0.035     Min:     0.07     Type: ParallelRun


SPACING: Blockage of Cell pad_input7 & Blockage of Cell pad_input6  ( Metal10 )
Bounds : ( 0.000, 660.220 ) ( 240.000, 660.255 )
Actual:     0.035     Min:     0.2     Type: ParallelRun


SPACING: Blockage of Cell pad_input7 & Blockage of Cell pad_input6  ( Metal11 )
Bounds : ( 0.000, 660.220 ) ( 240.000, 660.255 )
Actual:     0.035     Min:     0.2     Type: ParallelRun


SPACING: Pin of Cell pad_input5 & Blockage of Cell pad_input6  ( Metal4 )
Bounds : ( 218.495, 600.190 ) ( 230.495, 600.220 )
Actual:     0.03     Min:     0.25     Type: ParallelRun


SPACING: Blockage of Cell pad_input5 & Blockage of Cell pad_input6  ( Metal11 )
Bounds : ( 0.000, 600.190 ) ( 240.000, 600.220 )
Actual:     0.03     Min:     0.2     Type: ParallelRun


SPACING: Blockage of Cell pad_input5 & Blockage of Cell pad_input6  ( Metal10 )
Bounds : ( 0.000, 600.190 ) ( 240.000, 600.220 )
Actual:     0.03     Min:     0.2     Type: ParallelRun


SPACING: Blockage of Cell pad_input5 & Blockage of Cell pad_input6  ( Metal9 )
Bounds : ( 0.000, 600.190 ) ( 240.000, 600.220 )
Actual:     0.03     Min:     0.07     Type: ParallelRun


SPACING: Blockage of Cell pad_input5 & Blockage of Cell pad_input6  ( Metal8 )
Bounds : ( 0.000, 600.190 ) ( 240.000, 600.220 )
Actual:     0.03     Min:     0.07     Type: ParallelRun


SPACING: Blockage of Cell pad_input5 & Blockage of Cell pad_input6  ( Metal7 )
Bounds : ( 0.000, 600.190 ) ( 240.000, 600.220 )
Actual:     0.03     Min:     0.07     Type: ParallelRun


SPACING: Blockage of Cell pad_input5 & Blockage of Cell pad_input6  ( Metal6 )
Bounds : ( 0.000, 600.190 ) ( 240.000, 600.220 )
Actual:     0.03     Min:     0.07     Type: ParallelRun


SPACING: Blockage of Cell pad_input5 & Blockage of Cell pad_input6  ( Metal5 )
Bounds : ( 0.000, 600.190 ) ( 240.000, 600.220 )
Actual:     0.03     Min:     0.07     Type: ParallelRun


SPACING: Blockage of Cell pad_input5 & Blockage of Cell pad_input6  ( Metal4 )
Bounds : ( 0.000, 600.190 ) ( 240.000, 600.220 )
Actual:     0.03     Min:     0.07     Type: ParallelRun


SPACING: Blockage of Cell pad_input5 & Blockage of Cell pad_input6  ( Metal3 )
Bounds : ( 0.000, 600.190 ) ( 240.000, 600.220 )
Actual:     0.03     Min:     0.07     Type: ParallelRun


SPACING: Blockage of Cell pad_input5 & Blockage of Cell pad_input6  ( Metal2 )
Bounds : ( 0.000, 600.190 ) ( 240.000, 600.220 )
Actual:     0.03     Min:     0.07     Type: ParallelRun


SPACING: Blockage of Cell pad_input5 & Blockage of Cell pad_input6  ( Metal1 )
Bounds : ( 0.000, 600.190 ) ( 240.000, 600.220 )
Actual:     0.03     Min:     0.06     Type: ParallelRun


SPACING: Blockage of Cell pad_input7 & Blockage of Cell pad_input6  ( Metal5 )
Bounds : ( 0.000, 660.220 ) ( 240.000, 660.255 )
Actual:     0.035     Min:     0.07     Type: ParallelRun


SPACING: Blockage of Cell pad_input7 & Blockage of Cell pad_input6  ( Metal4 )
Bounds : ( 0.000, 660.220 ) ( 240.000, 660.255 )
Actual:     0.035     Min:     0.07     Type: ParallelRun


SPACING: Blockage of Cell pad_input7 & Blockage of Cell pad_input6  ( Metal3 )
Bounds : ( 0.000, 660.220 ) ( 240.000, 660.255 )
Actual:     0.035     Min:     0.07     Type: ParallelRun


SPACING: Blockage of Cell pad_input7 & Blockage of Cell pad_input6  ( Metal2 )
Bounds : ( 0.000, 660.220 ) ( 240.000, 660.255 )
Actual:     0.035     Min:     0.07     Type: ParallelRun


SPACING: Blockage of Cell pad_input7 & Blockage of Cell pad_input6  ( Metal1 )
Bounds : ( 0.000, 660.220 ) ( 240.000, 660.255 )
Actual:     0.035     Min:     0.06     Type: ParallelRun


SPACING: Pin of Cell pad_input7 & Blockage of Cell pad_input6  ( Metal4 )
Bounds : ( 218.495, 660.220 ) ( 230.495, 660.255 )
Actual:     0.035     Min:     0.25     Type: ParallelRun


SPACING: Pin of Cell pad_input4 & Blockage of Cell pad_input5  ( Metal4 )
Bounds : ( 218.495, 540.160 ) ( 230.495, 540.190 )
Actual:     0.03     Min:     0.25     Type: ParallelRun


SPACING: Blockage of Cell pad_input4 & Blockage of Cell pad_input5  ( Metal1 )
Bounds : ( 0.000, 540.160 ) ( 240.000, 540.190 )
Actual:     0.03     Min:     0.06     Type: ParallelRun


SPACING: Blockage of Cell pad_input4 & Blockage of Cell pad_input5  ( Metal2 )
Bounds : ( 0.000, 540.160 ) ( 240.000, 540.190 )
Actual:     0.03     Min:     0.07     Type: ParallelRun


SPACING: Blockage of Cell pad_input4 & Blockage of Cell pad_input5  ( Metal3 )
Bounds : ( 0.000, 540.160 ) ( 240.000, 540.190 )
Actual:     0.03     Min:     0.07     Type: ParallelRun


SPACING: Blockage of Cell pad_input4 & Blockage of Cell pad_input5  ( Metal4 )
Bounds : ( 0.000, 540.160 ) ( 240.000, 540.190 )
Actual:     0.03     Min:     0.07     Type: ParallelRun


SPACING: Blockage of Cell pad_input4 & Blockage of Cell pad_input5  ( Metal5 )
Bounds : ( 0.000, 540.160 ) ( 240.000, 540.190 )
Actual:     0.03     Min:     0.07     Type: ParallelRun


SPACING: Blockage of Cell pad_input4 & Blockage of Cell pad_input5  ( Metal6 )
Bounds : ( 0.000, 540.160 ) ( 240.000, 540.190 )
Actual:     0.03     Min:     0.07     Type: ParallelRun


SPACING: Blockage of Cell pad_input4 & Blockage of Cell pad_input5  ( Metal7 )
Bounds : ( 0.000, 540.160 ) ( 240.000, 540.190 )
Actual:     0.03     Min:     0.07     Type: ParallelRun


SPACING: Blockage of Cell pad_input4 & Blockage of Cell pad_input5  ( Metal8 )
Bounds : ( 0.000, 540.160 ) ( 240.000, 540.190 )
Actual:     0.03     Min:     0.07     Type: ParallelRun


SPACING: Blockage of Cell pad_input4 & Blockage of Cell pad_input5  ( Metal9 )
Bounds : ( 0.000, 540.160 ) ( 240.000, 540.190 )
Actual:     0.03     Min:     0.07     Type: ParallelRun


SPACING: Blockage of Cell pad_input4 & Blockage of Cell pad_input5  ( Metal10 )
Bounds : ( 0.000, 540.160 ) ( 240.000, 540.190 )
Actual:     0.03     Min:     0.2     Type: ParallelRun


SPACING: Blockage of Cell pad_input4 & Blockage of Cell pad_input5  ( Metal11 )
Bounds : ( 0.000, 540.160 ) ( 240.000, 540.190 )
Actual:     0.03     Min:     0.2     Type: ParallelRun


SHORT: Pin of Cell pad_output1 & Pin of Cell FILLER_E_6  ( Metal4 )
Bounds : ( 715.800, 420.100 ) ( 727.800, 420.100 )


SHORT: Pin of Cell pad_output1 & Pin of Cell FILLER_E_6  ( Metal4 )
Bounds : ( 730.300, 420.100 ) ( 742.300, 420.100 )


SHORT: Pin of Cell pad_output1 & Pin of Cell FILLER_E_6  ( Metal4 )
Bounds : ( 744.800, 420.100 ) ( 756.800, 420.100 )


SHORT: Pin of Cell pad_output1 & Pin of Cell FILLER_E_6  ( Metal4 )
Bounds : ( 790.800, 420.100 ) ( 802.800, 420.100 )


SHORT: Pin of Cell pad_output1 & Pin of Cell FILLER_E_6  ( Metal4 )
Bounds : ( 805.300, 420.100 ) ( 817.300, 420.100 )


SPACING: Pin of Cell pad_output2 & Pin of Cell FILLER_E_8  ( Metal4 )
Bounds : ( 715.800, 450.100 ) ( 727.800, 450.145 )
Actual:     0.045     Min:     0.25     Type: ParallelRun


SPACING: Pin of Cell pad_output2 & Pin of Cell FILLER_E_8  ( Metal4 )
Bounds : ( 730.300, 450.100 ) ( 742.300, 450.145 )
Actual:     0.045     Min:     0.25     Type: ParallelRun


SPACING: Pin of Cell pad_output2 & Pin of Cell FILLER_E_8  ( Metal4 )
Bounds : ( 744.800, 450.100 ) ( 756.800, 450.145 )
Actual:     0.045     Min:     0.25     Type: ParallelRun


SPACING: Pin of Cell pad_output2 & Pin of Cell FILLER_E_8  ( Metal4 )
Bounds : ( 790.800, 450.100 ) ( 802.800, 450.145 )
Actual:     0.045     Min:     0.25     Type: ParallelRun


SPACING: Pin of Cell pad_output2 & Pin of Cell FILLER_E_8  ( Metal4 )
Bounds : ( 805.300, 450.100 ) ( 817.300, 450.145 )
Actual:     0.045     Min:     0.25     Type: ParallelRun


SPACING: Pin of Cell pad_output2 & Blockage of Cell FILLER_E_8  ( Metal4 )
Bounds : ( 775.190, 450.100 ) ( 786.300, 450.145 )
Actual:     0.045     Min:     0.25     Type: ParallelRun


SHORT: Pin of Cell pad_output1 & Pin of Cell FILLER_E_6  ( Metal4 )
Bounds : ( 819.800, 420.100 ) ( 831.800, 420.100 )


SHORT: Pin of Cell pad_output1 & Pin of Cell FILLER_E_6  ( Metal4 )
Bounds : ( 834.300, 420.100 ) ( 846.300, 420.100 )


SPACING: Pin of Cell pad_output2 & Pin of Cell FILLER_E_8  ( Metal4 )
Bounds : ( 819.800, 450.100 ) ( 831.800, 450.145 )
Actual:     0.045     Min:     0.25     Type: ParallelRun


SPACING: Pin of Cell pad_output2 & Pin of Cell FILLER_E_8  ( Metal4 )
Bounds : ( 834.300, 450.100 ) ( 846.300, 450.145 )
Actual:     0.045     Min:     0.25     Type: ParallelRun


SPACING: Pin of Cell pad_output1 & Pin of Cell FILLER_E_5  ( Metal4 )
Bounds : ( 834.300, 360.050 ) ( 846.300, 360.100 )
Actual:     0.05     Min:     0.25     Type: ParallelRun


SHORT: Pin of Cell pad_output0 & Pin of Cell FILLER_E_3  ( Metal4 )
Bounds : ( 834.300, 330.050 ) ( 846.300, 330.050 )


SPACING: Pin of Cell pad_output0 & Pin of Cell FILLER_E_2  ( Metal4 )
Bounds : ( 834.300, 270.000 ) ( 846.300, 270.050 )
Actual:     0.05     Min:     0.25     Type: ParallelRun


SPACING: Pin of Cell pad_output0 & Blockage of Cell FILLER_E_2  ( Metal4 )
Bounds : ( 775.190, 270.000 ) ( 786.300, 270.050 )
Actual:     0.05     Min:     0.25     Type: ParallelRun


SPACING: Pin of Cell pad_output1 & Blockage of Cell FILLER_E_5  ( Metal4 )
Bounds : ( 775.190, 360.050 ) ( 786.300, 360.100 )
Actual:     0.05     Min:     0.25     Type: ParallelRun


SHORT: Pin of Cell pad_output0 & Pin of Cell FILLER_E_3  ( Metal4 )
Bounds : ( 715.800, 330.050 ) ( 727.800, 330.050 )


SHORT: Pin of Cell pad_output0 & Pin of Cell FILLER_E_3  ( Metal4 )
Bounds : ( 730.300, 330.050 ) ( 742.300, 330.050 )


SHORT: Pin of Cell pad_output0 & Pin of Cell FILLER_E_3  ( Metal4 )
Bounds : ( 744.800, 330.050 ) ( 756.800, 330.050 )


SHORT: Pin of Cell pad_output0 & Pin of Cell FILLER_E_3  ( Metal4 )
Bounds : ( 790.800, 330.050 ) ( 802.800, 330.050 )


SHORT: Pin of Cell pad_output0 & Pin of Cell FILLER_E_3  ( Metal4 )
Bounds : ( 805.300, 330.050 ) ( 817.300, 330.050 )


SPACING: Pin of Cell pad_output1 & Pin of Cell FILLER_E_5  ( Metal4 )
Bounds : ( 715.800, 360.050 ) ( 727.800, 360.100 )
Actual:     0.05     Min:     0.25     Type: ParallelRun


SPACING: Pin of Cell pad_output1 & Pin of Cell FILLER_E_5  ( Metal4 )
Bounds : ( 730.300, 360.050 ) ( 742.300, 360.100 )
Actual:     0.05     Min:     0.25     Type: ParallelRun


SPACING: Pin of Cell pad_output1 & Pin of Cell FILLER_E_5  ( Metal4 )
Bounds : ( 744.800, 360.050 ) ( 756.800, 360.100 )
Actual:     0.05     Min:     0.25     Type: ParallelRun


SPACING: Pin of Cell pad_output1 & Pin of Cell FILLER_E_5  ( Metal4 )
Bounds : ( 790.800, 360.050 ) ( 802.800, 360.100 )
Actual:     0.05     Min:     0.25     Type: ParallelRun


SPACING: Pin of Cell pad_output1 & Pin of Cell FILLER_E_5  ( Metal4 )
Bounds : ( 805.300, 360.050 ) ( 817.300, 360.100 )
Actual:     0.05     Min:     0.25     Type: ParallelRun


SPACING: Pin of Cell pad_output0 & Pin of Cell FILLER_E_2  ( Metal4 )
Bounds : ( 715.800, 270.000 ) ( 727.800, 270.050 )
Actual:     0.05     Min:     0.25     Type: ParallelRun


SPACING: Pin of Cell pad_output0 & Pin of Cell FILLER_E_2  ( Metal4 )
Bounds : ( 730.300, 270.000 ) ( 742.300, 270.050 )
Actual:     0.05     Min:     0.25     Type: ParallelRun


SPACING: Pin of Cell pad_output0 & Pin of Cell FILLER_E_2  ( Metal4 )
Bounds : ( 744.800, 270.000 ) ( 756.800, 270.050 )
Actual:     0.05     Min:     0.25     Type: ParallelRun


SPACING: Pin of Cell pad_output0 & Pin of Cell FILLER_E_2  ( Metal4 )
Bounds : ( 790.800, 270.000 ) ( 802.800, 270.050 )
Actual:     0.05     Min:     0.25     Type: ParallelRun


SPACING: Pin of Cell pad_output0 & Pin of Cell FILLER_E_2  ( Metal4 )
Bounds : ( 805.300, 270.000 ) ( 817.300, 270.050 )
Actual:     0.05     Min:     0.25     Type: ParallelRun


SHORT: Pin of Cell pad_output0 & Pin of Cell FILLER_E_3  ( Metal4 )
Bounds : ( 819.800, 330.050 ) ( 831.800, 330.050 )


SPACING: Pin of Cell pad_output1 & Pin of Cell FILLER_E_5  ( Metal4 )
Bounds : ( 819.800, 360.050 ) ( 831.800, 360.100 )
Actual:     0.05     Min:     0.25     Type: ParallelRun


SPACING: Pin of Cell pad_output0 & Pin of Cell FILLER_E_2  ( Metal4 )
Bounds : ( 819.800, 270.000 ) ( 831.800, 270.050 )
Actual:     0.05     Min:     0.25     Type: ParallelRun


SPACING: Blockage of Cell pad_output2 & Blockage of Cell FILLER_E_8  ( Metal7 )
Bounds : ( 691.800, 450.100 ) ( 931.800, 450.145 )
Actual:     0.045     Min:     0.07     Type: ParallelRun


SPACING: Blockage of Cell pad_output2 & Blockage of Cell FILLER_E_8  ( Metal8 )
Bounds : ( 691.800, 450.100 ) ( 931.800, 450.145 )
Actual:     0.045     Min:     0.07     Type: ParallelRun


SPACING: Blockage of Cell pad_output2 & Blockage of Cell FILLER_E_8  ( Metal9 )
Bounds : ( 691.800, 450.100 ) ( 931.800, 450.145 )
Actual:     0.045     Min:     0.07     Type: ParallelRun


SPACING: Blockage of Cell pad_output2 & Blockage of Cell FILLER_E_8  ( Metal10 )
Bounds : ( 691.800, 450.100 ) ( 931.800, 450.145 )
Actual:     0.045     Min:     0.2     Type: ParallelRun


SPACING: Blockage of Cell pad_output2 & Blockage of Cell FILLER_E_8  ( Metal11 )
Bounds : ( 691.800, 450.100 ) ( 931.800, 450.145 )
Actual:     0.045     Min:     0.2     Type: ParallelRun


SPACING: Blockage of Cell pad_output2 & Blockage of Cell FILLER_E_8  ( Metal6 )
Bounds : ( 691.800, 450.100 ) ( 931.800, 450.145 )
Actual:     0.045     Min:     0.07     Type: ParallelRun


SPACING: Blockage of Cell pad_output2 & Blockage of Cell FILLER_E_8  ( Metal5 )
Bounds : ( 691.800, 450.100 ) ( 931.800, 450.145 )
Actual:     0.045     Min:     0.07     Type: ParallelRun


SPACING: Blockage of Cell pad_output2 & Blockage of Cell FILLER_E_8  ( Metal4 )
Bounds : ( 691.800, 450.100 ) ( 931.800, 450.145 )
Actual:     0.045     Min:     0.07     Type: ParallelRun


SPACING: Blockage of Cell pad_output2 & Blockage of Cell FILLER_E_8  ( Metal3 )
Bounds : ( 691.800, 450.100 ) ( 931.800, 450.145 )
Actual:     0.045     Min:     0.07     Type: ParallelRun


SPACING: Blockage of Cell pad_output2 & Blockage of Cell FILLER_E_8  ( Metal2 )
Bounds : ( 691.800, 450.100 ) ( 931.800, 450.145 )
Actual:     0.045     Min:     0.07     Type: ParallelRun


SPACING: Blockage of Cell pad_output2 & Blockage of Cell FILLER_E_8  ( Metal1 )
Bounds : ( 691.800, 450.100 ) ( 931.800, 450.145 )
Actual:     0.045     Min:     0.06     Type: ParallelRun


SHORT: Pin of Cell pad_output1 & Pin of Cell FILLER_E_6  ( Metal4 )
Bounds : ( 701.300, 420.100 ) ( 713.300, 420.100 )


SPACING: Pin of Cell pad_output2 & Pin of Cell FILLER_E_8  ( Metal4 )
Bounds : ( 701.300, 450.100 ) ( 713.300, 450.145 )
Actual:     0.045     Min:     0.25     Type: ParallelRun


SPACING: Pin of Cell pad_output0 & Pin of Cell FILLER_E_2  ( Metal4 )
Bounds : ( 701.300, 270.000 ) ( 713.300, 270.050 )
Actual:     0.05     Min:     0.25     Type: ParallelRun


SPACING: Pin of Cell pad_output1 & Pin of Cell FILLER_E_5  ( Metal4 )
Bounds : ( 701.300, 360.050 ) ( 713.300, 360.100 )
Actual:     0.05     Min:     0.25     Type: ParallelRun


SHORT: Pin of Cell pad_output0 & Pin of Cell FILLER_E_3  ( Metal4 )
Bounds : ( 701.300, 330.050 ) ( 713.300, 330.050 )


SPACING: Blockage of Cell pad_output0 & Blockage of Cell FILLER_E_2  ( Metal1 )
Bounds : ( 691.800, 270.000 ) ( 931.800, 270.050 )
Actual:     0.05     Min:     0.06     Type: ParallelRun


SPACING: Blockage of Cell pad_output0 & Blockage of Cell FILLER_E_2  ( Metal2 )
Bounds : ( 691.800, 270.000 ) ( 931.800, 270.050 )
Actual:     0.05     Min:     0.07     Type: ParallelRun


SPACING: Blockage of Cell pad_output0 & Blockage of Cell FILLER_E_2  ( Metal3 )
Bounds : ( 691.800, 270.000 ) ( 931.800, 270.050 )
Actual:     0.05     Min:     0.07     Type: ParallelRun


SPACING: Blockage of Cell pad_output0 & Blockage of Cell FILLER_E_2  ( Metal4 )
Bounds : ( 691.800, 270.000 ) ( 931.800, 270.050 )
Actual:     0.05     Min:     0.07     Type: ParallelRun


SPACING: Blockage of Cell pad_output0 & Blockage of Cell FILLER_E_2  ( Metal5 )
Bounds : ( 691.800, 270.000 ) ( 931.800, 270.050 )
Actual:     0.05     Min:     0.07     Type: ParallelRun


SPACING: Blockage of Cell pad_output0 & Blockage of Cell FILLER_E_2  ( Metal6 )
Bounds : ( 691.800, 270.000 ) ( 931.800, 270.050 )
Actual:     0.05     Min:     0.07     Type: ParallelRun


SPACING: Blockage of Cell pad_output0 & Blockage of Cell FILLER_E_2  ( Metal7 )
Bounds : ( 691.800, 270.000 ) ( 931.800, 270.050 )
Actual:     0.05     Min:     0.07     Type: ParallelRun


SPACING: Blockage of Cell pad_output0 & Blockage of Cell FILLER_E_2  ( Metal8 )
Bounds : ( 691.800, 270.000 ) ( 931.800, 270.050 )
Actual:     0.05     Min:     0.07     Type: ParallelRun


SPACING: Blockage of Cell pad_output0 & Blockage of Cell FILLER_E_2  ( Metal9 )
Bounds : ( 691.800, 270.000 ) ( 931.800, 270.050 )
Actual:     0.05     Min:     0.07     Type: ParallelRun


SPACING: Blockage of Cell pad_output0 & Blockage of Cell FILLER_E_2  ( Metal10 )
Bounds : ( 691.800, 270.000 ) ( 931.800, 270.050 )
Actual:     0.05     Min:     0.2     Type: ParallelRun


SPACING: Blockage of Cell pad_output0 & Blockage of Cell FILLER_E_2  ( Metal11 )
Bounds : ( 691.800, 270.000 ) ( 931.800, 270.050 )
Actual:     0.05     Min:     0.2     Type: ParallelRun


SPACING: Blockage of Cell pad_output1 & Blockage of Cell FILLER_E_5  ( Metal1 )
Bounds : ( 691.800, 360.050 ) ( 931.800, 360.100 )
Actual:     0.05     Min:     0.06     Type: ParallelRun


SPACING: Blockage of Cell pad_output1 & Blockage of Cell FILLER_E_5  ( Metal2 )
Bounds : ( 691.800, 360.050 ) ( 931.800, 360.100 )
Actual:     0.05     Min:     0.07     Type: ParallelRun


SPACING: Blockage of Cell pad_output1 & Blockage of Cell FILLER_E_5  ( Metal3 )
Bounds : ( 691.800, 360.050 ) ( 931.800, 360.100 )
Actual:     0.05     Min:     0.07     Type: ParallelRun


SPACING: Blockage of Cell pad_output1 & Blockage of Cell FILLER_E_5  ( Metal4 )
Bounds : ( 691.800, 360.050 ) ( 931.800, 360.100 )
Actual:     0.05     Min:     0.07     Type: ParallelRun


SPACING: Blockage of Cell pad_output1 & Blockage of Cell FILLER_E_5  ( Metal5 )
Bounds : ( 691.800, 360.050 ) ( 931.800, 360.100 )
Actual:     0.05     Min:     0.07     Type: ParallelRun


SPACING: Blockage of Cell pad_output1 & Blockage of Cell FILLER_E_5  ( Metal6 )
Bounds : ( 691.800, 360.050 ) ( 931.800, 360.100 )
Actual:     0.05     Min:     0.07     Type: ParallelRun


SPACING: Blockage of Cell pad_output1 & Blockage of Cell FILLER_E_5  ( Metal7 )
Bounds : ( 691.800, 360.050 ) ( 931.800, 360.100 )
Actual:     0.05     Min:     0.07     Type: ParallelRun


SPACING: Blockage of Cell pad_output1 & Blockage of Cell FILLER_E_5  ( Metal8 )
Bounds : ( 691.800, 360.050 ) ( 931.800, 360.100 )
Actual:     0.05     Min:     0.07     Type: ParallelRun


SPACING: Blockage of Cell pad_output1 & Blockage of Cell FILLER_E_5  ( Metal9 )
Bounds : ( 691.800, 360.050 ) ( 931.800, 360.100 )
Actual:     0.05     Min:     0.07     Type: ParallelRun


SPACING: Blockage of Cell pad_output1 & Blockage of Cell FILLER_E_5  ( Metal10 )
Bounds : ( 691.800, 360.050 ) ( 931.800, 360.100 )
Actual:     0.05     Min:     0.2     Type: ParallelRun


SPACING: Blockage of Cell pad_output1 & Blockage of Cell FILLER_E_5  ( Metal11 )
Bounds : ( 691.800, 360.050 ) ( 931.800, 360.100 )
Actual:     0.05     Min:     0.2     Type: ParallelRun


SHORT: Pin of Cell FILLER_E_0 & Blockage of Cell PAD_Corner3  ( Metal4 )
Bounds : ( 788.800, 240.000 ) ( 848.800, 240.000 )


SHORT: Pin of Cell pad_vss2 & Pin of Cell FILLER_S_10  ( Metal4 )
Bounds : ( 666.500, 129.000 ) ( 666.500, 141.000 )


SHORT: Pin of Cell pad_vss2 & Pin of Cell FILLER_S_10  ( Metal4 )
Bounds : ( 666.500, 175.000 ) ( 666.500, 187.000 )


SHORT: Pin of Cell pad_vss2 & Pin of Cell FILLER_S_10  ( Metal4 )
Bounds : ( 666.500, 189.500 ) ( 666.500, 201.500 )


SHORT: Pin of Cell pad_vss2 & Pin of Cell FILLER_S_10  ( Metal4 )
Bounds : ( 666.500, 204.000 ) ( 666.500, 216.000 )


SHORT: Pin of Cell pad_vss2 & Pin of Cell FILLER_S_10  ( Metal4 )
Bounds : ( 666.500, 218.500 ) ( 666.500, 230.500 )


SHORT: Pin of Cell pad_control1 & Pin of Cell FILLER_S_6  ( Metal4 )
Bounds : ( 495.900, 128.995 ) ( 495.900, 140.995 )


SHORT: Pin of Cell pad_control1 & Pin of Cell FILLER_S_6  ( Metal4 )
Bounds : ( 495.900, 174.995 ) ( 495.900, 186.995 )


SHORT: Pin of Cell pad_control1 & Pin of Cell FILLER_S_6  ( Metal4 )
Bounds : ( 495.900, 189.495 ) ( 495.900, 201.495 )


SHORT: Pin of Cell pad_control1 & Pin of Cell FILLER_S_6  ( Metal4 )
Bounds : ( 495.900, 218.495 ) ( 495.900, 230.495 )


SHORT: Pin of Cell pad_control2 & Pin of Cell FILLER_S_8  ( Metal4 )
Bounds : ( 581.200, 128.995 ) ( 581.200, 140.995 )


SHORT: Pin of Cell pad_control2 & Pin of Cell FILLER_S_8  ( Metal4 )
Bounds : ( 581.200, 174.995 ) ( 581.200, 186.995 )


SHORT: Pin of Cell pad_control2 & Pin of Cell FILLER_S_8  ( Metal4 )
Bounds : ( 581.200, 189.495 ) ( 581.200, 201.495 )


SHORT: Pin of Cell pad_control2 & Pin of Cell FILLER_S_8  ( Metal4 )
Bounds : ( 581.200, 203.995 ) ( 581.200, 215.995 )


SHORT: Pin of Cell pad_control2 & Pin of Cell FILLER_S_8  ( Metal4 )
Bounds : ( 581.200, 218.495 ) ( 581.200, 230.495 )


SHORT: Pin of Cell pad_control1 & Pin of Cell FILLER_S_6  ( Metal4 )
Bounds : ( 495.900, 203.995 ) ( 495.900, 215.995 )


SHORT: Pin of Cell pad_control2 & Pin of Cell FILLER_S_8  ( Metal4 )
Bounds : ( 581.200, 99.995 ) ( 581.200, 111.995 )


SHORT: Pin of Cell pad_control2 & Pin of Cell FILLER_S_8  ( Metal4 )
Bounds : ( 581.200, 85.495 ) ( 581.200, 97.495 )


SHORT: Pin of Cell pad_control1 & Pin of Cell FILLER_S_6  ( Metal4 )
Bounds : ( 495.900, 99.995 ) ( 495.900, 111.995 )


SHORT: Pin of Cell pad_control1 & Pin of Cell FILLER_S_6  ( Metal4 )
Bounds : ( 495.900, 85.495 ) ( 495.900, 97.495 )


SHORT: Pin of Cell pad_vss2 & Pin of Cell FILLER_S_10  ( Metal4 )
Bounds : ( 666.500, 100.000 ) ( 666.500, 112.000 )


SHORT: Pin of Cell pad_vss2 & Pin of Cell FILLER_S_10  ( Metal4 )
Bounds : ( 666.500, 85.500 ) ( 666.500, 97.500 )


SHORT: Pin of Cell pad_vss2 & Pin of Cell FILLER_S_10  ( Metal4 )
Bounds : ( 666.500, 114.500 ) ( 666.500, 126.500 )


SHORT: Pin of Cell pad_control1 & Pin of Cell FILLER_S_6  ( Metal4 )
Bounds : ( 495.900, 114.495 ) ( 495.900, 126.495 )


SHORT: Pin of Cell pad_control2 & Pin of Cell FILLER_S_8  ( Metal4 )
Bounds : ( 581.200, 114.495 ) ( 581.200, 126.495 )


SHORT: Pin of Cell FILLER_E_0 & Blockage of Cell PAD_Corner3  ( Metal4 )
Bounds : ( 698.800, 240.000 ) ( 758.800, 240.000 )


SPACING: Pin of Cell pad_input2 & Blockage of Cell pad_input1  ( Metal4 )
Bounds : ( 203.995, 360.070 ) ( 215.995, 360.100 )
Actual:     0.03     Min:     0.25     Type: ParallelRun


SPACING: Pin of Cell pad_input0 & Pin of Cell pad_input1  ( Metal4 )
Bounds : ( 85.495, 300.035 ) ( 97.495, 300.070 )
Actual:     0.035     Min:     0.25     Type: ParallelRun  SameNetGap


SPACING: Pin of Cell pad_input0 & Pin of Cell pad_input1  ( Metal4 )
Bounds : ( 99.995, 300.035 ) ( 111.995, 300.070 )
Actual:     0.035     Min:     0.25     Type: ParallelRun  SameNetGap


SPACING: Pin of Cell pad_input0 & Pin of Cell pad_input1  ( Metal4 )
Bounds : ( 114.495, 300.035 ) ( 126.495, 300.070 )
Actual:     0.035     Min:     0.25     Type: ParallelRun  SameNetGap


SPACING: Pin of Cell pad_input2 & Blockage of Cell pad_input1  ( Metal4 )
Bounds : ( 85.495, 360.070 ) ( 97.495, 360.100 )
Actual:     0.03     Min:     0.25     Type: ParallelRun


SPACING: Pin of Cell pad_input2 & Blockage of Cell pad_input1  ( Metal4 )
Bounds : ( 99.995, 360.070 ) ( 111.995, 360.100 )
Actual:     0.03     Min:     0.25     Type: ParallelRun


SPACING: Pin of Cell pad_input2 & Blockage of Cell pad_input1  ( Metal4 )
Bounds : ( 114.495, 360.070 ) ( 126.495, 360.100 )
Actual:     0.03     Min:     0.25     Type: ParallelRun


SPACING: Pin of Cell pad_input2 & Blockage of Cell pad_input1  ( Metal4 )
Bounds : ( 189.495, 360.070 ) ( 201.495, 360.100 )
Actual:     0.03     Min:     0.25     Type: ParallelRun


SPACING: Pin of Cell pad_input2 & Blockage of Cell pad_input1  ( Metal4 )
Bounds : ( 174.995, 360.070 ) ( 186.995, 360.100 )
Actual:     0.03     Min:     0.25     Type: ParallelRun


SPACING: Pin of Cell pad_input2 & Blockage of Cell pad_input1  ( Metal4 )
Bounds : ( 128.995, 360.070 ) ( 140.995, 360.100 )
Actual:     0.03     Min:     0.25     Type: ParallelRun


SPACING: Pin of Cell pad_input0 & Pin of Cell pad_input1  ( Metal4 )
Bounds : ( 203.995, 300.035 ) ( 215.995, 300.070 )
Actual:     0.035     Min:     0.25     Type: ParallelRun  SameNetGap


SPACING: Pin of Cell pad_input0 & Pin of Cell pad_input1  ( Metal4 )
Bounds : ( 189.495, 300.035 ) ( 201.495, 300.070 )
Actual:     0.035     Min:     0.25     Type: ParallelRun  SameNetGap


SPACING: Pin of Cell pad_input0 & Pin of Cell pad_input1  ( Metal4 )
Bounds : ( 174.995, 300.035 ) ( 186.995, 300.070 )
Actual:     0.035     Min:     0.25     Type: ParallelRun  SameNetGap


SPACING: Pin of Cell pad_input0 & Pin of Cell pad_input1  ( Metal4 )
Bounds : ( 128.995, 300.035 ) ( 140.995, 300.070 )
Actual:     0.035     Min:     0.25     Type: ParallelRun  SameNetGap


SPACING: Pin of Cell pad_input3 & Blockage of Cell pad_input2  ( Metal4 )
Bounds : ( 114.495, 420.100 ) ( 126.495, 420.130 )
Actual:     0.03     Min:     0.25     Type: ParallelRun


SPACING: Pin of Cell pad_input3 & Blockage of Cell pad_input2  ( Metal4 )
Bounds : ( 99.995, 420.100 ) ( 111.995, 420.130 )
Actual:     0.03     Min:     0.25     Type: ParallelRun


SPACING: Pin of Cell pad_input3 & Blockage of Cell pad_input2  ( Metal4 )
Bounds : ( 85.495, 420.100 ) ( 97.495, 420.130 )
Actual:     0.03     Min:     0.25     Type: ParallelRun


SPACING: Pin of Cell pad_input3 & Blockage of Cell pad_input2  ( Metal4 )
Bounds : ( 203.995, 420.100 ) ( 215.995, 420.130 )
Actual:     0.03     Min:     0.25     Type: ParallelRun


SPACING: Pin of Cell pad_input3 & Blockage of Cell pad_input2  ( Metal4 )
Bounds : ( 189.495, 420.100 ) ( 201.495, 420.130 )
Actual:     0.03     Min:     0.25     Type: ParallelRun


SPACING: Pin of Cell pad_input3 & Blockage of Cell pad_input2  ( Metal4 )
Bounds : ( 174.995, 420.100 ) ( 186.995, 420.130 )
Actual:     0.03     Min:     0.25     Type: ParallelRun


SPACING: Pin of Cell pad_input3 & Blockage of Cell pad_input2  ( Metal4 )
Bounds : ( 128.995, 420.100 ) ( 140.995, 420.130 )
Actual:     0.03     Min:     0.25     Type: ParallelRun


SPACING: Blockage of Cell pad_input3 & Blockage of Cell pad_input2  ( Metal6 )
Bounds : ( 0.000, 420.100 ) ( 240.000, 420.130 )
Actual:     0.03     Min:     0.07     Type: ParallelRun


SPACING: Blockage of Cell pad_input3 & Blockage of Cell pad_input2  ( Metal7 )
Bounds : ( 0.000, 420.100 ) ( 240.000, 420.130 )
Actual:     0.03     Min:     0.07     Type: ParallelRun


SPACING: Blockage of Cell pad_input3 & Blockage of Cell pad_input2  ( Metal8 )
Bounds : ( 0.000, 420.100 ) ( 240.000, 420.130 )
Actual:     0.03     Min:     0.07     Type: ParallelRun


SPACING: Blockage of Cell pad_input3 & Blockage of Cell pad_input2  ( Metal9 )
Bounds : ( 0.000, 420.100 ) ( 240.000, 420.130 )
Actual:     0.03     Min:     0.07     Type: ParallelRun


SPACING: Blockage of Cell pad_input3 & Blockage of Cell pad_input2  ( Metal10 )
Bounds : ( 0.000, 420.100 ) ( 240.000, 420.130 )
Actual:     0.03     Min:     0.2     Type: ParallelRun


SPACING: Blockage of Cell pad_input3 & Blockage of Cell pad_input2  ( Metal11 )
Bounds : ( 0.000, 420.100 ) ( 240.000, 420.130 )
Actual:     0.03     Min:     0.2     Type: ParallelRun


SPACING: Blockage of Cell pad_input3 & Blockage of Cell pad_input2  ( Metal5 )
Bounds : ( 0.000, 420.100 ) ( 240.000, 420.130 )
Actual:     0.03     Min:     0.07     Type: ParallelRun


SPACING: Blockage of Cell pad_input3 & Blockage of Cell pad_input2  ( Metal4 )
Bounds : ( 0.000, 420.100 ) ( 240.000, 420.130 )
Actual:     0.03     Min:     0.07     Type: ParallelRun


SPACING: Blockage of Cell pad_input3 & Blockage of Cell pad_input2  ( Metal3 )
Bounds : ( 0.000, 420.100 ) ( 240.000, 420.130 )
Actual:     0.03     Min:     0.07     Type: ParallelRun


SPACING: Blockage of Cell pad_input3 & Blockage of Cell pad_input2  ( Metal2 )
Bounds : ( 0.000, 420.100 ) ( 240.000, 420.130 )
Actual:     0.03     Min:     0.07     Type: ParallelRun


SPACING: Blockage of Cell pad_input3 & Blockage of Cell pad_input2  ( Metal1 )
Bounds : ( 0.000, 420.100 ) ( 240.000, 420.130 )
Actual:     0.03     Min:     0.06     Type: ParallelRun


SPACING: Pin of Cell pad_input3 & Blockage of Cell pad_input2  ( Metal4 )
Bounds : ( 218.495, 420.100 ) ( 230.495, 420.130 )
Actual:     0.03     Min:     0.25     Type: ParallelRun


SPACING: Pin of Cell pad_input0 & Pin of Cell pad_input1  ( Metal4 )
Bounds : ( 218.495, 300.035 ) ( 230.495, 300.070 )
Actual:     0.035     Min:     0.25     Type: ParallelRun  SameNetGap


SPACING: Pin of Cell pad_input2 & Blockage of Cell pad_input1  ( Metal4 )
Bounds : ( 218.495, 360.070 ) ( 230.495, 360.100 )
Actual:     0.03     Min:     0.25     Type: ParallelRun


SPACING: Blockage of Cell pad_input0 & Blockage of Cell pad_input1  ( Metal1 )
Bounds : ( 0.000, 300.035 ) ( 240.000, 300.070 )
Actual:     0.035     Min:     0.06     Type: ParallelRun


SPACING: Blockage of Cell pad_input0 & Blockage of Cell pad_input1  ( Metal2 )
Bounds : ( 0.000, 300.035 ) ( 240.000, 300.070 )
Actual:     0.035     Min:     0.07     Type: ParallelRun


SPACING: Blockage of Cell pad_input0 & Blockage of Cell pad_input1  ( Metal3 )
Bounds : ( 0.000, 300.035 ) ( 240.000, 300.070 )
Actual:     0.035     Min:     0.07     Type: ParallelRun


SPACING: Blockage of Cell pad_input0 & Blockage of Cell pad_input1  ( Metal4 )
Bounds : ( 0.000, 300.035 ) ( 240.000, 300.070 )
Actual:     0.035     Min:     0.07     Type: ParallelRun


SPACING: Blockage of Cell pad_input0 & Blockage of Cell pad_input1  ( Metal5 )
Bounds : ( 0.000, 300.035 ) ( 240.000, 300.070 )
Actual:     0.035     Min:     0.07     Type: ParallelRun


SPACING: Blockage of Cell pad_input0 & Blockage of Cell pad_input1  ( Metal6 )
Bounds : ( 0.000, 300.035 ) ( 240.000, 300.070 )
Actual:     0.035     Min:     0.07     Type: ParallelRun


SPACING: Blockage of Cell pad_input0 & Blockage of Cell pad_input1  ( Metal7 )
Bounds : ( 0.000, 300.035 ) ( 240.000, 300.070 )
Actual:     0.035     Min:     0.07     Type: ParallelRun


SPACING: Blockage of Cell pad_input0 & Blockage of Cell pad_input1  ( Metal8 )
Bounds : ( 0.000, 300.035 ) ( 240.000, 300.070 )
Actual:     0.035     Min:     0.07     Type: ParallelRun


SPACING: Blockage of Cell pad_input0 & Blockage of Cell pad_input1  ( Metal9 )
Bounds : ( 0.000, 300.035 ) ( 240.000, 300.070 )
Actual:     0.035     Min:     0.07     Type: ParallelRun


SPACING: Blockage of Cell pad_input0 & Blockage of Cell pad_input1  ( Metal10 )
Bounds : ( 0.000, 300.035 ) ( 240.000, 300.070 )
Actual:     0.035     Min:     0.2     Type: ParallelRun


SPACING: Blockage of Cell pad_input0 & Blockage of Cell pad_input1  ( Metal11 )
Bounds : ( 0.000, 300.035 ) ( 240.000, 300.070 )
Actual:     0.035     Min:     0.2     Type: ParallelRun


SPACING: Blockage of Cell pad_input2 & Blockage of Cell pad_input1  ( Metal1 )
Bounds : ( 0.000, 360.070 ) ( 240.000, 360.100 )
Actual:     0.03     Min:     0.06     Type: ParallelRun


SPACING: Blockage of Cell pad_input2 & Blockage of Cell pad_input1  ( Metal2 )
Bounds : ( 0.000, 360.070 ) ( 240.000, 360.100 )
Actual:     0.03     Min:     0.07     Type: ParallelRun


SPACING: Blockage of Cell pad_input2 & Blockage of Cell pad_input1  ( Metal3 )
Bounds : ( 0.000, 360.070 ) ( 240.000, 360.100 )
Actual:     0.03     Min:     0.07     Type: ParallelRun


SPACING: Blockage of Cell pad_input2 & Blockage of Cell pad_input1  ( Metal4 )
Bounds : ( 0.000, 360.070 ) ( 240.000, 360.100 )
Actual:     0.03     Min:     0.07     Type: ParallelRun


SPACING: Blockage of Cell pad_input2 & Blockage of Cell pad_input1  ( Metal5 )
Bounds : ( 0.000, 360.070 ) ( 240.000, 360.100 )
Actual:     0.03     Min:     0.07     Type: ParallelRun


SPACING: Blockage of Cell pad_input2 & Blockage of Cell pad_input1  ( Metal6 )
Bounds : ( 0.000, 360.070 ) ( 240.000, 360.100 )
Actual:     0.03     Min:     0.07     Type: ParallelRun


SPACING: Blockage of Cell pad_input2 & Blockage of Cell pad_input1  ( Metal7 )
Bounds : ( 0.000, 360.070 ) ( 240.000, 360.100 )
Actual:     0.03     Min:     0.07     Type: ParallelRun


SPACING: Blockage of Cell pad_input2 & Blockage of Cell pad_input1  ( Metal8 )
Bounds : ( 0.000, 360.070 ) ( 240.000, 360.100 )
Actual:     0.03     Min:     0.07     Type: ParallelRun


SPACING: Blockage of Cell pad_input2 & Blockage of Cell pad_input1  ( Metal9 )
Bounds : ( 0.000, 360.070 ) ( 240.000, 360.100 )
Actual:     0.03     Min:     0.07     Type: ParallelRun


SPACING: Blockage of Cell pad_input2 & Blockage of Cell pad_input1  ( Metal10 )
Bounds : ( 0.000, 360.070 ) ( 240.000, 360.100 )
Actual:     0.03     Min:     0.2     Type: ParallelRun


SPACING: Blockage of Cell pad_input2 & Blockage of Cell pad_input1  ( Metal11 )
Bounds : ( 0.000, 360.070 ) ( 240.000, 360.100 )
Actual:     0.03     Min:     0.2     Type: ParallelRun


SHORT: Pin of Cell FILLER_S_0 & Blockage of Cell PAD_Corner4  ( Metal4 )
Bounds : ( 240.000, 83.000 ) ( 240.000, 143.000 )


SHORT: Pin of Cell FILLER_S_2 & Blockage of Cell pad_vss1  ( Metal4 )
Bounds : ( 325.300, 83.000 ) ( 325.300, 143.000 )


SHORT: Pin of Cell FILLER_S_4 & Blockage of Cell pad_control0  ( Metal4 )
Bounds : ( 410.600, 83.000 ) ( 410.600, 143.000 )


SHORT: Pin of Cell FILLER_S_0 & Blockage of Cell PAD_Corner4  ( Metal4 )
Bounds : ( 240.000, 173.000 ) ( 240.000, 233.000 )


SHORT: Pin of Cell FILLER_S_2 & Blockage of Cell pad_vss1  ( Metal4 )
Bounds : ( 325.300, 173.000 ) ( 325.300, 233.000 )


SHORT: Pin of Cell FILLER_S_4 & Blockage of Cell pad_control0  ( Metal4 )
Bounds : ( 410.600, 173.000 ) ( 410.600, 233.000 )


SPACING: Pin of Cell PAD_Corner4 & Blockage of Cell pad_input0  ( Metal4 )
Bounds : ( 85.495, 240.000 ) ( 97.500, 240.035 )
Actual:     0.035     Min:     0.25     Type: ParallelRun


SPACING: Pin of Cell PAD_Corner4 & Blockage of Cell pad_input0  ( Metal4 )
Bounds : ( 99.995, 240.000 ) ( 112.000, 240.035 )
Actual:     0.035     Min:     0.25     Type: ParallelRun


SPACING: Pin of Cell PAD_Corner4 & Blockage of Cell pad_input0  ( Metal4 )
Bounds : ( 114.495, 240.000 ) ( 126.500, 240.035 )
Actual:     0.035     Min:     0.25     Type: ParallelRun


SPACING: Pin of Cell PAD_Corner4 & Blockage of Cell pad_input0  ( Metal4 )
Bounds : ( 128.995, 240.000 ) ( 141.000, 240.035 )
Actual:     0.035     Min:     0.25     Type: ParallelRun


SPACING: Pin of Cell PAD_Corner4 & Blockage of Cell pad_input0  ( Metal4 )
Bounds : ( 145.495, 240.000 ) ( 156.610, 240.035 )
Actual:     0.035     Min:     0.25     Type: ParallelRun


SPACING: Pin of Cell PAD_Corner4 & Blockage of Cell pad_input0  ( Metal4 )
Bounds : ( 159.265, 240.000 ) ( 170.500, 240.035 )
Actual:     0.035     Min:     0.25     Type: ParallelRun


SPACING: Pin of Cell PAD_Corner4 & Blockage of Cell pad_input0  ( Metal4 )
Bounds : ( 174.995, 240.000 ) ( 187.000, 240.035 )
Actual:     0.035     Min:     0.25     Type: ParallelRun


SPACING: Pin of Cell PAD_Corner4 & Blockage of Cell pad_input0  ( Metal4 )
Bounds : ( 189.495, 240.000 ) ( 201.500, 240.035 )
Actual:     0.035     Min:     0.25     Type: ParallelRun


SPACING: Pin of Cell PAD_Corner4 & Blockage of Cell pad_input0  ( Metal4 )
Bounds : ( 203.995, 240.000 ) ( 216.000, 240.035 )
Actual:     0.035     Min:     0.25     Type: ParallelRun


SPACING: Blockage of Cell pad_input0 & Blockage of Cell PAD_Corner4  ( Metal3 )
Bounds : ( 0.000, 240.000 ) ( 240.000, 240.035 )
Actual:     0.035     Min:     0.07     Type: ParallelRun


SPACING: Blockage of Cell pad_input0 & Blockage of Cell PAD_Corner4  ( Metal4 )
Bounds : ( 0.000, 240.000 ) ( 240.000, 240.035 )
Actual:     0.035     Min:     0.07     Type: ParallelRun


SPACING: Blockage of Cell pad_input0 & Blockage of Cell PAD_Corner4  ( Metal5 )
Bounds : ( 0.000, 240.000 ) ( 240.000, 240.035 )
Actual:     0.035     Min:     0.07     Type: ParallelRun


SPACING: Blockage of Cell pad_input0 & Blockage of Cell PAD_Corner4  ( Metal6 )
Bounds : ( 0.000, 240.000 ) ( 240.000, 240.035 )
Actual:     0.035     Min:     0.07     Type: ParallelRun


SPACING: Blockage of Cell pad_input0 & Blockage of Cell PAD_Corner4  ( Metal7 )
Bounds : ( 0.000, 240.000 ) ( 240.000, 240.035 )
Actual:     0.035     Min:     0.07     Type: ParallelRun


SPACING: Blockage of Cell pad_input0 & Blockage of Cell PAD_Corner4  ( Metal8 )
Bounds : ( 0.000, 240.000 ) ( 240.000, 240.035 )
Actual:     0.035     Min:     0.07     Type: ParallelRun


SPACING: Blockage of Cell pad_input0 & Blockage of Cell PAD_Corner4  ( Metal9 )
Bounds : ( 0.000, 240.000 ) ( 240.000, 240.035 )
Actual:     0.035     Min:     0.07     Type: ParallelRun


SPACING: Blockage of Cell pad_input0 & Blockage of Cell PAD_Corner4  ( Metal10 )
Bounds : ( 0.000, 240.000 ) ( 240.000, 240.035 )
Actual:     0.035     Min:     0.2     Type: ParallelRun


SPACING: Blockage of Cell pad_input0 & Blockage of Cell PAD_Corner4  ( Metal11 )
Bounds : ( 0.000, 240.000 ) ( 240.000, 240.035 )
Actual:     0.035     Min:     0.2     Type: ParallelRun


SPACING: Blockage of Cell pad_input0 & Blockage of Cell PAD_Corner4  ( Metal2 )
Bounds : ( 0.000, 240.000 ) ( 240.000, 240.035 )
Actual:     0.035     Min:     0.07     Type: ParallelRun


SPACING: Blockage of Cell pad_input0 & Blockage of Cell PAD_Corner4  ( Metal1 )
Bounds : ( 0.000, 240.000 ) ( 240.000, 240.035 )
Actual:     0.035     Min:     0.06     Type: ParallelRun


SPACING: Pin of Cell PAD_Corner4 & Blockage of Cell pad_input0  ( Metal4 )
Bounds : ( 218.495, 240.000 ) ( 230.500, 240.035 )
Actual:     0.035     Min:     0.25     Type: ParallelRun


SPACING: Pin of Cell pad_input3 & Blockage of Cell pad_input4  ( Metal4 )
Bounds : ( 114.495, 480.130 ) ( 126.495, 480.160 )
Actual:     0.03     Min:     0.25     Type: ParallelRun


SPACING: Pin of Cell pad_input3 & Blockage of Cell pad_input4  ( Metal4 )
Bounds : ( 99.995, 480.130 ) ( 111.995, 480.160 )
Actual:     0.03     Min:     0.25     Type: ParallelRun


SPACING: Pin of Cell pad_input3 & Blockage of Cell pad_input4  ( Metal4 )
Bounds : ( 85.495, 480.130 ) ( 97.495, 480.160 )
Actual:     0.03     Min:     0.25     Type: ParallelRun


SPACING: Blockage of Cell pad_input3 & Blockage of Cell pad_input4  ( Metal11 )
Bounds : ( 0.000, 480.130 ) ( 240.000, 480.160 )
Actual:     0.03     Min:     0.2     Type: ParallelRun


SPACING: Blockage of Cell pad_input3 & Blockage of Cell pad_input4  ( Metal10 )
Bounds : ( 0.000, 480.130 ) ( 240.000, 480.160 )
Actual:     0.03     Min:     0.2     Type: ParallelRun


SPACING: Blockage of Cell pad_input3 & Blockage of Cell pad_input4  ( Metal9 )
Bounds : ( 0.000, 480.130 ) ( 240.000, 480.160 )
Actual:     0.03     Min:     0.07     Type: ParallelRun


SPACING: Blockage of Cell pad_input3 & Blockage of Cell pad_input4  ( Metal8 )
Bounds : ( 0.000, 480.130 ) ( 240.000, 480.160 )
Actual:     0.03     Min:     0.07     Type: ParallelRun


SPACING: Blockage of Cell pad_input3 & Blockage of Cell pad_input4  ( Metal7 )
Bounds : ( 0.000, 480.130 ) ( 240.000, 480.160 )
Actual:     0.03     Min:     0.07     Type: ParallelRun


SPACING: Blockage of Cell pad_input3 & Blockage of Cell pad_input4  ( Metal6 )
Bounds : ( 0.000, 480.130 ) ( 240.000, 480.160 )
Actual:     0.03     Min:     0.07     Type: ParallelRun


SPACING: Blockage of Cell pad_input3 & Blockage of Cell pad_input4  ( Metal5 )
Bounds : ( 0.000, 480.130 ) ( 240.000, 480.160 )
Actual:     0.03     Min:     0.07     Type: ParallelRun


SPACING: Blockage of Cell pad_input3 & Blockage of Cell pad_input4  ( Metal4 )
Bounds : ( 0.000, 480.130 ) ( 240.000, 480.160 )
Actual:     0.03     Min:     0.07     Type: ParallelRun


SPACING: Blockage of Cell pad_input3 & Blockage of Cell pad_input4  ( Metal3 )
Bounds : ( 0.000, 480.130 ) ( 240.000, 480.160 )
Actual:     0.03     Min:     0.07     Type: ParallelRun


SPACING: Blockage of Cell pad_input3 & Blockage of Cell pad_input4  ( Metal2 )
Bounds : ( 0.000, 480.130 ) ( 240.000, 480.160 )
Actual:     0.03     Min:     0.07     Type: ParallelRun


SPACING: Blockage of Cell pad_input3 & Blockage of Cell pad_input4  ( Metal1 )
Bounds : ( 0.000, 480.130 ) ( 240.000, 480.160 )
Actual:     0.03     Min:     0.06     Type: ParallelRun


SPACING: Pin of Cell pad_input3 & Blockage of Cell pad_input4  ( Metal4 )
Bounds : ( 218.495, 480.130 ) ( 230.495, 480.160 )
Actual:     0.03     Min:     0.25     Type: ParallelRun


SPACING: Pin of Cell pad_input3 & Blockage of Cell pad_input4  ( Metal4 )
Bounds : ( 203.995, 480.130 ) ( 215.995, 480.160 )
Actual:     0.03     Min:     0.25     Type: ParallelRun


SPACING: Pin of Cell pad_input3 & Blockage of Cell pad_input4  ( Metal4 )
Bounds : ( 189.495, 480.130 ) ( 201.495, 480.160 )
Actual:     0.03     Min:     0.25     Type: ParallelRun


SPACING: Pin of Cell pad_input3 & Blockage of Cell pad_input4  ( Metal4 )
Bounds : ( 174.995, 480.130 ) ( 186.995, 480.160 )
Actual:     0.03     Min:     0.25     Type: ParallelRun


SPACING: Pin of Cell pad_input3 & Blockage of Cell pad_input4  ( Metal4 )
Bounds : ( 128.995, 480.130 ) ( 140.995, 480.160 )
Actual:     0.03     Min:     0.25     Type: ParallelRun



Begin Summary ...
  Cells       : 32
  SameNet     : 249
  Wiring      : 0
  Antenna     : 0
  Short       : 112
  Overlap     : 0
End Summary

  Total Violations : 393 Viols.
